<?xml version="1.0" encoding="UTF-8"?>
<!-- Generated by org.testng.reporters.JUnitXMLReporter -->
<testsuite ignored="2" hostname="sqe-IdeaPad-5-15ITL05" failures="6" tests="54" name="Test" time="158.917" errors="0" timestamp="2022-04-06T11:57:48 IST">
  <testcase classname="com.ComCate.TestCases.Login" name="LoginAgency" time="10.407"/>
  <testcase classname="com.ComCate.TestCases.CCP" name="PreRequisite" time="9.597"/>
  <testcase classname="com.ComCate.TestCases.CCP" name="TC_CCP_01" time="2.163"/>
  <testcase classname="com.ComCate.TestCases.CCP" name="TC_CCP_02" time="0.036"/>
  <testcase classname="com.ComCate.TestCases.CCP" name="TC_CCP_03" time="4.347"/>
  <testcase classname="com.ComCate.TestCases.CCP" name="TC_CCP_04" time="3.014"/>
  <testcase classname="com.ComCate.TestCases.CCP" name="TC_CCP_06" time="3.267"/>
  <testcase classname="com.ComCate.TestCases.CCP" name="TC_CCP_07" time="2.15"/>
  <testcase classname="com.ComCate.TestCases.CCP" name="TC_CCP_08" time="0.273"/>
  <testcase classname="com.ComCate.TestCases.CCP" name="TC_CCP_09" time="1.533"/>
  <testcase classname="com.ComCate.TestCases.CCP" name="TC_CCP_10" time="2.111">
    <failure type="org.openqa.selenium.WebDriverException" message="element click intercepted: Element &amp;lt;button type=&amp;quot;button&amp;quot; class=&amp;quot;edit-btn  btn btn-default&amp;quot;&amp;gt;&amp;lt;/button&amp;gt; is not clickable at point (1460, 228). Other element would receive the click: &amp;lt;div style=&amp;quot;position: fixed; inset: 0px; z-index: 99999; background-color: rgb(255, 255, 255);&amp;quot;&amp;gt;...&amp;lt;/div&amp;gt;
  (Session info: chrome=99.0.4844.84)
Build info: version: &amp;apos;3.5.3&amp;apos;, revision: &amp;apos;a88d25fe6b&amp;apos;, time: &amp;apos;2017-08-29T12:42:44.417Z&amp;apos;
System info: host: &amp;apos;sqe-IdeaPad-5-15ITL05&amp;apos;, ip: &amp;apos;127.0.1.1&amp;apos;, os.name: &amp;apos;Linux&amp;apos;, os.arch: &amp;apos;amd64&amp;apos;, os.version: &amp;apos;5.13.0-37-generic&amp;apos;, java.version: &amp;apos;11.0.14&amp;apos;
Driver info: org.openqa.selenium.chrome.ChromeDriver
Capabilities [{networkConnectionEnabled=false, chrome={chromedriverVersion=99.0.4844.51 (d537ec02474b5afe23684e7963d538896c63ac77-refs/branch-heads/4844@{#875}), userDataDir=/tmp/.com.google.Chrome.dfDTcS}, timeouts={implicit=0, pageLoad=300000, script=30000}, pageLoadStrategy=normal, unhandledPromptBehavior=dismiss and notify, strictFileInteractability=false, platform=LINUX, proxy=Proxy(), goog:chromeOptions={debuggerAddress=localhost:36103}, webauthn:extension:credBlob=true, acceptInsecureCerts=false, browserVersion=99.0.4844.84, browserName=chrome, javascriptEnabled=true, platformName=LINUX, setWindowRect=true, webauthn:extension:largeBlob=true, webauthn:virtualAuthenticators=true}]
Session ID: bf336c881676eba0d019e1886ecbcac6">
      <![CDATA[org.openqa.selenium.WebDriverException: element click intercepted: Element <button type="button" class="edit-btn  btn btn-default"></button> is not clickable at point (1460, 228). Other element would receive the click: <div style="position: fixed; inset: 0px; z-index: 99999; background-color: rgb(255, 255, 255);">...</div>
  (Session info: chrome=99.0.4844.84)
Build info: version: '3.5.3', revision: 'a88d25fe6b', time: '2017-08-29T12:42:44.417Z'
System info: host: 'sqe-IdeaPad-5-15ITL05', ip: '127.0.1.1', os.name: 'Linux', os.arch: 'amd64', os.version: '5.13.0-37-generic', java.version: '11.0.14'
Driver info: org.openqa.selenium.chrome.ChromeDriver
Capabilities [{networkConnectionEnabled=false, chrome={chromedriverVersion=99.0.4844.51 (d537ec02474b5afe23684e7963d538896c63ac77-refs/branch-heads/4844@{#875}), userDataDir=/tmp/.com.google.Chrome.dfDTcS}, timeouts={implicit=0, pageLoad=300000, script=30000}, pageLoadStrategy=normal, unhandledPromptBehavior=dismiss and notify, strictFileInteractability=false, platform=LINUX, proxy=Proxy(), goog:chromeOptions={debuggerAddress=localhost:36103}, webauthn:extension:credBlob=true, acceptInsecureCerts=false, browserVersion=99.0.4844.84, browserName=chrome, javascriptEnabled=true, platformName=LINUX, setWindowRect=true, webauthn:extension:largeBlob=true, webauthn:virtualAuthenticators=true}]
Session ID: bf336c881676eba0d019e1886ecbcac6
at org.openqa.selenium.remote.http.W3CHttpResponseCodec.createException(W3CHttpResponseCodec.java:185)
at org.openqa.selenium.remote.http.W3CHttpResponseCodec.decode(W3CHttpResponseCodec.java:120)
at org.openqa.selenium.remote.http.W3CHttpResponseCodec.decode(W3CHttpResponseCodec.java:49)
at org.openqa.selenium.remote.HttpCommandExecutor.execute(HttpCommandExecutor.java:164)
at org.openqa.selenium.remote.service.DriverCommandExecutor.execute(DriverCommandExecutor.java:82)
at org.openqa.selenium.remote.RemoteWebDriver.execute(RemoteWebDriver.java:646)
at org.openqa.selenium.remote.RemoteWebElement.execute(RemoteWebElement.java:275)
at org.openqa.selenium.remote.RemoteWebElement.click(RemoteWebElement.java:82)
at com.ComCate.CommonMethods.WebDriverWaits.ClickOn(WebDriverWaits.java:37)
at com.ComCate.TestCases.CCP.TC_CCP_10(CCP.java:333)
at java.base/java.util.ArrayList.forEach(ArrayList.java:1541)
... Removed 31 stack frames]]>
    </failure>
  </testcase> <!-- TC_CCP_10 -->
  <testcase classname="com.ComCate.TestCases.CCP" name="TC_CCP_11" time="20.118">
    <failure type="org.openqa.selenium.TimeoutException" message="Expected condition failed: waiting for element to be clickable: By.xpath: //div[@class=&amp;apos;edit-address__header&amp;apos;]/child::div/button[2] (tried for 20 second(s) with 500 MILLISECONDS interval)">
      <![CDATA[org.openqa.selenium.TimeoutException: Expected condition failed: waiting for element to be clickable: By.xpath: //div[@class='edit-address__header']/child::div/button[2] (tried for 20 second(s) with 500 MILLISECONDS interval)
at org.openqa.selenium.support.ui.WebDriverWait.timeoutException(WebDriverWait.java:80)
at org.openqa.selenium.support.ui.FluentWait.until(FluentWait.java:232)
at com.ComCate.CommonMethods.WebDriverWaits.ClickOn(WebDriverWaits.java:35)
at com.ComCate.TestCases.CCP.TC_CCP_11(CCP.java:362)
at java.base/java.util.ArrayList.forEach(ArrayList.java:1541)
Caused by: org.openqa.selenium.NoSuchElementException: Cannot locate an element using By.xpath: //div[@class='edit-address__header']/child::div/button[2]
For documentation on this error, please visit: http://seleniumhq.org/exceptions/no_such_element.html
Build info: version: '3.5.3', revision: 'a88d25fe6b', time: '2017-08-29T12:42:44.417Z'
System info: host: 'sqe-IdeaPad-5-15ITL05', ip: '127.0.1.1', os.name: 'Linux', os.arch: 'amd64', os.version: '5.13.0-37-generic', java.version: '11.0.14'
Driver info: driver.version: unknown
at org.openqa.selenium.support.ui.ExpectedConditions.lambda$findElement$0(ExpectedConditions.java:883)
at java.base/java.util.Optional.orElseThrow(Optional.java:408)
at org.openqa.selenium.support.ui.ExpectedConditions.findElement(ExpectedConditions.java:882)
at org.openqa.selenium.support.ui.ExpectedConditions.access$000(ExpectedConditions.java:44)
at org.openqa.selenium.support.ui.ExpectedConditions$7.apply(ExpectedConditions.java:206)
at org.openqa.selenium.support.ui.ExpectedConditions$7.apply(ExpectedConditions.java:202)
at org.openqa.selenium.support.ui.ExpectedConditions$22.apply(ExpectedConditions.java:644)
at org.openqa.selenium.support.ui.ExpectedConditions$22.apply(ExpectedConditions.java:641)
at org.openqa.selenium.support.ui.FluentWait.until(FluentWait.java:209)
... 30 more
... Removed 27 stack frames]]>
    </failure>
  </testcase> <!-- TC_CCP_11 -->
  <testcase classname="com.ComCate.TestCases.CCP" name="TC_CCP_12" time="1.286">
    <failure type="java.lang.AssertionError" message="expected [Manual Street] but found [New Street]">
      <![CDATA[java.lang.AssertionError: expected [Manual Street] but found [New Street]
at com.ComCate.TestCases.CCP.TC_CCP_12(CCP.java:386)
at java.base/java.util.ArrayList.forEach(ArrayList.java:1541)
... Removed 33 stack frames]]>
    </failure>
  </testcase> <!-- TC_CCP_12 -->
  <testcase classname="com.ComCate.TestCases.CCP" name="TC_CCP_13" time="2.522"/>
  <testcase classname="com.ComCate.TestCases.CCP" name="TC_CCP_14" time="1.114"/>
  <testcase classname="com.ComCate.TestCases.CCP" name="TC_CCP_15" time="2.27"/>
  <testcase classname="com.ComCate.TestCases.CCP" name="TC_CCP_16" time="0.147"/>
  <testcase classname="com.ComCate.TestCases.CCP" name="TC_CCP_17" time="1.067"/>
  <testcase classname="com.ComCate.TestCases.CCP" name="TC_CCP_18" time="0.086"/>
  <testcase classname="com.ComCate.TestCases.CCP" name="TC_CCP_19" time="0.135"/>
  <testcase classname="com.ComCate.TestCases.CCP" name="TC_CCP_20" time="0.107"/>
  <testcase classname="com.ComCate.TestCases.CCP" name="TC_CCP_21" time="0.25"/>
  <testcase classname="com.ComCate.TestCases.CCP" name="TC_CCP_22" time="0.237"/>
  <testcase classname="com.ComCate.TestCases.CCP" name="TC_CCP_23" time="0.179"/>
  <testcase classname="com.ComCate.TestCases.CCP" name="TC_CCP_24" time="0.095"/>
  <testcase classname="com.ComCate.TestCases.CCP" name="TC_CCP_25" time="0.213"/>
  <testcase classname="com.ComCate.TestCases.CCP" name="TC_CCP_26" time="2.054"/>
  <testcase classname="com.ComCate.TestCases.CCP" name="TC_CCP_27" time="0.027"/>
  <testcase classname="com.ComCate.TestCases.CCP" name="TC_CCP_28" time="0.153"/>
  <testcase classname="com.ComCate.TestCases.CCP" name="TC_CCP_29" time="5.176"/>
  <testcase classname="com.ComCate.TestCases.CCP" name="TC_CCP_30" time="3.417"/>
  <testcase classname="com.ComCate.TestCases.CCP" name="TC_CCP_31" time="25.353">
    <failure type="org.openqa.selenium.TimeoutException" message="Expected condition failed: waiting for visibility of element located by By.xpath: //label[@class=&amp;apos;file-upload__label&amp;apos;]/input (tried for 20 second(s) with 500 MILLISECONDS interval)
Build info: version: &amp;apos;3.5.3&amp;apos;, revision: &amp;apos;a88d25fe6b&amp;apos;, time: &amp;apos;2017-08-29T12:42:44.417Z&amp;apos;
System info: host: &amp;apos;sqe-IdeaPad-5-15ITL05&amp;apos;, ip: &amp;apos;127.0.1.1&amp;apos;, os.name: &amp;apos;Linux&amp;apos;, os.arch: &amp;apos;amd64&amp;apos;, os.version: &amp;apos;5.13.0-37-generic&amp;apos;, java.version: &amp;apos;11.0.14&amp;apos;
Driver info: org.openqa.selenium.chrome.ChromeDriver
Capabilities [{networkConnectionEnabled=false, chrome={chromedriverVersion=99.0.4844.51 (d537ec02474b5afe23684e7963d538896c63ac77-refs/branch-heads/4844@{#875}), userDataDir=/tmp/.com.google.Chrome.dfDTcS}, timeouts={implicit=0, pageLoad=300000, script=30000}, pageLoadStrategy=normal, unhandledPromptBehavior=dismiss and notify, strictFileInteractability=false, platform=LINUX, proxy=Proxy(), goog:chromeOptions={debuggerAddress=localhost:36103}, webauthn:extension:credBlob=true, acceptInsecureCerts=false, browserVersion=99.0.4844.84, browserName=chrome, javascriptEnabled=true, platformName=LINUX, setWindowRect=true, webauthn:extension:largeBlob=true, webauthn:virtualAuthenticators=true}]
Session ID: bf336c881676eba0d019e1886ecbcac6">
      <![CDATA[org.openqa.selenium.TimeoutException: Expected condition failed: waiting for visibility of element located by By.xpath: //label[@class='file-upload__label']/input (tried for 20 second(s) with 500 MILLISECONDS interval)
Build info: version: '3.5.3', revision: 'a88d25fe6b', time: '2017-08-29T12:42:44.417Z'
System info: host: 'sqe-IdeaPad-5-15ITL05', ip: '127.0.1.1', os.name: 'Linux', os.arch: 'amd64', os.version: '5.13.0-37-generic', java.version: '11.0.14'
Driver info: org.openqa.selenium.chrome.ChromeDriver
Capabilities [{networkConnectionEnabled=false, chrome={chromedriverVersion=99.0.4844.51 (d537ec02474b5afe23684e7963d538896c63ac77-refs/branch-heads/4844@{#875}), userDataDir=/tmp/.com.google.Chrome.dfDTcS}, timeouts={implicit=0, pageLoad=300000, script=30000}, pageLoadStrategy=normal, unhandledPromptBehavior=dismiss and notify, strictFileInteractability=false, platform=LINUX, proxy=Proxy(), goog:chromeOptions={debuggerAddress=localhost:36103}, webauthn:extension:credBlob=true, acceptInsecureCerts=false, browserVersion=99.0.4844.84, browserName=chrome, javascriptEnabled=true, platformName=LINUX, setWindowRect=true, webauthn:extension:largeBlob=true, webauthn:virtualAuthenticators=true}]
Session ID: bf336c881676eba0d019e1886ecbcac6
at org.openqa.selenium.support.ui.WebDriverWait.timeoutException(WebDriverWait.java:80)
at org.openqa.selenium.support.ui.FluentWait.until(FluentWait.java:232)
at com.ComCate.CommonMethods.WebDriverWaits.GetText(WebDriverWaits.java:49)
at com.ComCate.TestCases.CCP.TC_CCP_31(CCP.java:749)
at java.base/java.util.ArrayList.forEach(ArrayList.java:1541)
... Removed 27 stack frames]]>
    </failure>
  </testcase> <!-- TC_CCP_31 -->
  <testcase classname="com.ComCate.TestCases.CCP" name="TC_CCP_32" time="1.148">
    <failure type="org.openqa.selenium.NoSuchElementException" message="no such element: Unable to locate element: {&amp;quot;method&amp;quot;:&amp;quot;xpath&amp;quot;,&amp;quot;selector&amp;quot;:&amp;quot;//div[@class=&amp;apos;file-upload&amp;apos;]//img&amp;quot;}
  (Session info: chrome=99.0.4844.84)
For documentation on this error, please visit: http://seleniumhq.org/exceptions/no_such_element.html
Build info: version: &amp;apos;3.5.3&amp;apos;, revision: &amp;apos;a88d25fe6b&amp;apos;, time: &amp;apos;2017-08-29T12:42:44.417Z&amp;apos;
System info: host: &amp;apos;sqe-IdeaPad-5-15ITL05&amp;apos;, ip: &amp;apos;127.0.1.1&amp;apos;, os.name: &amp;apos;Linux&amp;apos;, os.arch: &amp;apos;amd64&amp;apos;, os.version: &amp;apos;5.13.0-37-generic&amp;apos;, java.version: &amp;apos;11.0.14&amp;apos;
Driver info: org.openqa.selenium.chrome.ChromeDriver
Capabilities [{networkConnectionEnabled=false, chrome={chromedriverVersion=99.0.4844.51 (d537ec02474b5afe23684e7963d538896c63ac77-refs/branch-heads/4844@{#875}), userDataDir=/tmp/.com.google.Chrome.dfDTcS}, timeouts={implicit=0, pageLoad=300000, script=30000}, pageLoadStrategy=normal, unhandledPromptBehavior=dismiss and notify, strictFileInteractability=false, platform=LINUX, proxy=Proxy(), goog:chromeOptions={debuggerAddress=localhost:36103}, webauthn:extension:credBlob=true, acceptInsecureCerts=false, browserVersion=99.0.4844.84, browserName=chrome, javascriptEnabled=true, platformName=LINUX, setWindowRect=true, webauthn:extension:largeBlob=true, webauthn:virtualAuthenticators=true}]
Session ID: bf336c881676eba0d019e1886ecbcac6
*** Element info: {Using=xpath, value=//div[@class=&amp;apos;file-upload&amp;apos;]//img}">
      <![CDATA[org.openqa.selenium.NoSuchElementException: no such element: Unable to locate element: {"method":"xpath","selector":"//div[@class='file-upload']//img"}
  (Session info: chrome=99.0.4844.84)
For documentation on this error, please visit: http://seleniumhq.org/exceptions/no_such_element.html
Build info: version: '3.5.3', revision: 'a88d25fe6b', time: '2017-08-29T12:42:44.417Z'
System info: host: 'sqe-IdeaPad-5-15ITL05', ip: '127.0.1.1', os.name: 'Linux', os.arch: 'amd64', os.version: '5.13.0-37-generic', java.version: '11.0.14'
Driver info: org.openqa.selenium.chrome.ChromeDriver
Capabilities [{networkConnectionEnabled=false, chrome={chromedriverVersion=99.0.4844.51 (d537ec02474b5afe23684e7963d538896c63ac77-refs/branch-heads/4844@{#875}), userDataDir=/tmp/.com.google.Chrome.dfDTcS}, timeouts={implicit=0, pageLoad=300000, script=30000}, pageLoadStrategy=normal, unhandledPromptBehavior=dismiss and notify, strictFileInteractability=false, platform=LINUX, proxy=Proxy(), goog:chromeOptions={debuggerAddress=localhost:36103}, webauthn:extension:credBlob=true, acceptInsecureCerts=false, browserVersion=99.0.4844.84, browserName=chrome, javascriptEnabled=true, platformName=LINUX, setWindowRect=true, webauthn:extension:largeBlob=true, webauthn:virtualAuthenticators=true}]
Session ID: bf336c881676eba0d019e1886ecbcac6
*** Element info: {Using=xpath, value=//div[@class='file-upload']//img}
at org.openqa.selenium.remote.http.W3CHttpResponseCodec.createException(W3CHttpResponseCodec.java:185)
at org.openqa.selenium.remote.http.W3CHttpResponseCodec.decode(W3CHttpResponseCodec.java:120)
at org.openqa.selenium.remote.http.W3CHttpResponseCodec.decode(W3CHttpResponseCodec.java:49)
at org.openqa.selenium.remote.HttpCommandExecutor.execute(HttpCommandExecutor.java:164)
at org.openqa.selenium.remote.service.DriverCommandExecutor.execute(DriverCommandExecutor.java:82)
at org.openqa.selenium.remote.RemoteWebDriver.execute(RemoteWebDriver.java:646)
at org.openqa.selenium.remote.RemoteWebDriver.findElement(RemoteWebDriver.java:416)
at org.openqa.selenium.remote.RemoteWebDriver.findElementByXPath(RemoteWebDriver.java:518)
at org.openqa.selenium.By$ByXPath.findElement(By.java:361)
at org.openqa.selenium.remote.RemoteWebDriver.findElement(RemoteWebDriver.java:408)
at com.ComCate.TestCases.CCP.TC_CCP_32(CCP.java:773)
at java.base/java.util.ArrayList.forEach(ArrayList.java:1541)
... Removed 31 stack frames]]>
    </failure>
  </testcase> <!-- TC_CCP_32 -->
  <testcase classname="com.ComCate.TestCases.CCP" name="TC_CCP_34" time="2.059"/>
  <testcase classname="com.ComCate.TestCases.CCP" name="TC_CCP_35" time="2.132">
    <failure type="org.openqa.selenium.WebDriverException" message="element click intercepted: Element &amp;lt;a&amp;gt;...&amp;lt;/a&amp;gt; is not clickable at point (553, 528). Other element would receive the click: &amp;lt;div class=&amp;quot;modal-base__body&amp;quot;&amp;gt;...&amp;lt;/div&amp;gt;
  (Session info: chrome=99.0.4844.84)
Build info: version: &amp;apos;3.5.3&amp;apos;, revision: &amp;apos;a88d25fe6b&amp;apos;, time: &amp;apos;2017-08-29T12:42:44.417Z&amp;apos;
System info: host: &amp;apos;sqe-IdeaPad-5-15ITL05&amp;apos;, ip: &amp;apos;127.0.1.1&amp;apos;, os.name: &amp;apos;Linux&amp;apos;, os.arch: &amp;apos;amd64&amp;apos;, os.version: &amp;apos;5.13.0-37-generic&amp;apos;, java.version: &amp;apos;11.0.14&amp;apos;
Driver info: org.openqa.selenium.chrome.ChromeDriver
Capabilities [{networkConnectionEnabled=false, chrome={chromedriverVersion=99.0.4844.51 (d537ec02474b5afe23684e7963d538896c63ac77-refs/branch-heads/4844@{#875}), userDataDir=/tmp/.com.google.Chrome.dfDTcS}, timeouts={implicit=0, pageLoad=300000, script=30000}, pageLoadStrategy=normal, unhandledPromptBehavior=dismiss and notify, strictFileInteractability=false, platform=LINUX, proxy=Proxy(), goog:chromeOptions={debuggerAddress=localhost:36103}, webauthn:extension:credBlob=true, acceptInsecureCerts=false, browserVersion=99.0.4844.84, browserName=chrome, javascriptEnabled=true, platformName=LINUX, setWindowRect=true, webauthn:extension:largeBlob=true, webauthn:virtualAuthenticators=true}]
Session ID: bf336c881676eba0d019e1886ecbcac6">
      <![CDATA[org.openqa.selenium.WebDriverException: element click intercepted: Element <a>...</a> is not clickable at point (553, 528). Other element would receive the click: <div class="modal-base__body">...</div>
  (Session info: chrome=99.0.4844.84)
Build info: version: '3.5.3', revision: 'a88d25fe6b', time: '2017-08-29T12:42:44.417Z'
System info: host: 'sqe-IdeaPad-5-15ITL05', ip: '127.0.1.1', os.name: 'Linux', os.arch: 'amd64', os.version: '5.13.0-37-generic', java.version: '11.0.14'
Driver info: org.openqa.selenium.chrome.ChromeDriver
Capabilities [{networkConnectionEnabled=false, chrome={chromedriverVersion=99.0.4844.51 (d537ec02474b5afe23684e7963d538896c63ac77-refs/branch-heads/4844@{#875}), userDataDir=/tmp/.com.google.Chrome.dfDTcS}, timeouts={implicit=0, pageLoad=300000, script=30000}, pageLoadStrategy=normal, unhandledPromptBehavior=dismiss and notify, strictFileInteractability=false, platform=LINUX, proxy=Proxy(), goog:chromeOptions={debuggerAddress=localhost:36103}, webauthn:extension:credBlob=true, acceptInsecureCerts=false, browserVersion=99.0.4844.84, browserName=chrome, javascriptEnabled=true, platformName=LINUX, setWindowRect=true, webauthn:extension:largeBlob=true, webauthn:virtualAuthenticators=true}]
Session ID: bf336c881676eba0d019e1886ecbcac6
at org.openqa.selenium.remote.http.W3CHttpResponseCodec.createException(W3CHttpResponseCodec.java:185)
at org.openqa.selenium.remote.http.W3CHttpResponseCodec.decode(W3CHttpResponseCodec.java:120)
at org.openqa.selenium.remote.http.W3CHttpResponseCodec.decode(W3CHttpResponseCodec.java:49)
at org.openqa.selenium.remote.HttpCommandExecutor.execute(HttpCommandExecutor.java:164)
at org.openqa.selenium.remote.service.DriverCommandExecutor.execute(DriverCommandExecutor.java:82)
at org.openqa.selenium.remote.RemoteWebDriver.execute(RemoteWebDriver.java:646)
at org.openqa.selenium.remote.RemoteWebElement.execute(RemoteWebElement.java:275)
at org.openqa.selenium.remote.RemoteWebElement.click(RemoteWebElement.java:82)
at com.ComCate.CommonMethods.WebDriverWaits.ClickOn(WebDriverWaits.java:37)
at com.ComCate.TestCases.CCP.TC_CCP_35(CCP.java:824)
at java.base/java.util.ArrayList.forEach(ArrayList.java:1541)
... Removed 31 stack frames]]>
    </failure>
  </testcase> <!-- TC_CCP_35 -->
  <testcase classname="com.ComCate.TestCases.CCP" name="TC_CCP_36" time="2.088"/>
  <testcase classname="com.ComCate.TestCases.CCP" name="TC_CCP_37" time="2.837"/>
  <testcase classname="com.ComCate.TestCases.CCP" name="TC_CCP_38" time="0.14"/>
  <testcase classname="com.ComCate.TestCases.CCP" name="TC_CCP_39" time="2.131"/>
  <testcase classname="com.ComCate.TestCases.CCP" name="TC_CCP_40" time="9.571"/>
  <testcase classname="com.ComCate.TestCases.CCP" name="TC_CCP_42" time="1.69"/>
  <testcase classname="com.ComCate.TestCases.CCP" name="TC_CCP_43" time="0.217"/>
  <testcase classname="com.ComCate.TestCases.CCP" name="TC_CCP_44" time="0.04"/>
  <testcase classname="com.ComCate.TestCases.CCP" name="TC_CCP_46" time="0.152"/>
  <testcase classname="com.ComCate.TestCases.CCP" name="TC_CCP_47" time="3.151"/>
  <testcase classname="com.ComCate.TestCases.CCP" name="TC_CCP_48" time="2.169"/>
  <testcase classname="com.ComCate.TestCases.CCP" name="TC_CCP_49" time="5.091"/>
  <testcase classname="com.ComCate.TestCases.CCP" name="TC_CCP_50" time="3.241"/>
  <testcase classname="com.ComCate.TestCases.CCP" name="TC_CCP_51" time="0.643"/>
  <testcase classname="com.ComCate.TestCases.CCP" name="TC_CCP_52" time="6.771"/>
  <testcase classname="com.ComCate.TestCases.CCP" name="TC_CCP_53" time="1.798"/>
  <testcase classname="com.ComCate.TestCases.CCP" name="TC_CCP_54" time="0.354"/>
  <testcase classname="com.ComCate.TestCases.CCP" name="TC_CCP_55" time="3.604"/>
  <testcase classname="com.ComCate.TestCases.CCP" name="TC_CCP_56" time="2.067"/>
  <testcase classname="com.ComCate.ExtentReport.ExtentReportClass" name="@AfterSuite endReport" time="0.0">
    <ignored/>
  </testcase> <!-- @AfterSuite endReport -->
  <testcase classname="com.ComCate.ExtentReport.ExtentReportClass" name="@BeforeSuite setExtent" time="0.0">
    <ignored/>
  </testcase> <!-- @BeforeSuite setExtent -->
</testsuite> <!-- Test -->
