<html>
<head>
<title>TestNG:  Test</title>
<link href="../testng.css" rel="stylesheet" type="text/css" />
<link href="../my-testng.css" rel="stylesheet" type="text/css" />

<style type="text/css">
.log { display: none;} 
.stack-trace { display: none;} 
</style>
<script type="text/javascript">
<!--
function flip(e) {
  current = e.style.display;
  if (current == 'block') {
    e.style.display = 'none';
    return 0;
  }
  else {
    e.style.display = 'block';
    return 1;
  }
}

function toggleBox(szDivId, elem, msg1, msg2)
{
  var res = -1;  if (document.getElementById) {
    res = flip(document.getElementById(szDivId));
  }
  else if (document.all) {
    // this is the way old msie versions work
    res = flip(document.all[szDivId]);
  }
  if(elem) {
    if(res == 0) elem.innerHTML = msg1; else elem.innerHTML = msg2;
  }

}

function toggleAllBoxes() {
  if (document.getElementsByTagName) {
    d = document.getElementsByTagName('div');
    for (i = 0; i < d.length; i++) {
      if (d[i].className == 'log') {
        flip(d[i]);
      }
    }
  }
}

// -->
</script>

</head>
<body>
<h2 align='center'>Test</h2><table border='1' align="center">
<tr>
<td>Tests passed/Failed/Skipped:</td><td>48/6/0</td>
</tr><tr>
<td>Started on:</td><td>Wed Apr 06 11:55:09 IST 2022</td>
</tr>
<tr><td>Total time:</td><td>158 seconds (158917 ms)</td>
</tr><tr>
<td>Included groups:</td><td></td>
</tr><tr>
<td>Excluded groups:</td><td></td>
</tr>
</table><p/>
<small><i>(Hover the method name to see the test class name)</i></small><p/>
<table width='100%' border='1' class='invocation-failed'>
<tr><td colspan='4' align='center'><b>FAILED TESTS</b></td></tr>
<tr><td><b>Test method</b></td>
<td width="30%"><b>Exception</b></td>
<td width="10%"><b>Time (seconds)</b></td>
<td><b>Instance</b></td>
</tr>
<tr>
<td title='com.ComCate.TestCases.CCP.TC_CCP_35()'><b>TC_CCP_35</b><br>Test class: com.ComCate.TestCases.CCP</td>
<td><div><pre>org.openqa.selenium.WebDriverException: element click intercepted: Element &lt;a&gt;...&lt;/a&gt; is not clickable at point (553, 528). Other element would receive the click: &lt;div class=&quot;modal-base__body&quot;&gt;...&lt;/div&gt;
  (Session info: chrome=99.0.4844.84)
Build info: version: &apos;3.5.3&apos;, revision: &apos;a88d25fe6b&apos;, time: &apos;2017-08-29T12:42:44.417Z&apos;
System info: host: &apos;sqe-IdeaPad-5-15ITL05&apos;, ip: &apos;127.0.1.1&apos;, os.name: &apos;Linux&apos;, os.arch: &apos;amd64&apos;, os.version: &apos;5.13.0-37-generic&apos;, java.version: &apos;11.0.14&apos;
Driver info: org.openqa.selenium.chrome.ChromeDriver
Capabilities [{networkConnectionEnabled=false, chrome={chromedriverVersion=99.0.4844.51 (d537ec02474b5afe23684e7963d538896c63ac77-refs/branch-heads/4844@{#875}), userDataDir=/tmp/.com.google.Chrome.dfDTcS}, timeouts={implicit=0, pageLoad=300000, script=30000}, pageLoadStrategy=normal, unhandledPromptBehavior=dismiss and notify, strictFileInteractability=false, platform=LINUX, proxy=Proxy(), goog:chromeOptions={debuggerAddress=localhost:36103}, webauthn:extension:credBlob=true, acceptInsecureCerts=false, browserVersion=99.0.4844.84, browserName=chrome, javascriptEnabled=true, platformName=LINUX, setWindowRect=true, webauthn:extension:largeBlob=true, webauthn:virtualAuthenticators=true}]
Session ID: bf336c881676eba0d019e1886ecbcac6
	at org.openqa.selenium.remote.http.W3CHttpResponseCodec.createException(W3CHttpResponseCodec.java:185)
	at org.openqa.selenium.remote.http.W3CHttpResponseCodec.decode(W3CHttpResponseCodec.java:120)
	at org.openqa.selenium.remote.http.W3CHttpResponseCodec.decode(W3CHttpResponseCodec.java:49)
	at org.openqa.selenium.remote.HttpCommandExecutor.execute(HttpCommandExecutor.java:164)
	at org.openqa.selenium.remote.service.DriverCommandExecutor.execute(DriverCommandExecutor.java:82)
	at org.openqa.selenium.remote.RemoteWebDriver.execute(RemoteWebDriver.java:646)
	at org.openqa.selenium.remote.RemoteWebElement.execute(RemoteWebElement.java:275)
	at org.openqa.selenium.remote.RemoteWebElement.click(RemoteWebElement.java:82)
	at com.ComCate.CommonMethods.WebDriverWaits.ClickOn(WebDriverWaits.java:37)
	at com.ComCate.TestCases.CCP.TC_CCP_35(CCP.java:824)
	at java.base/java.util.ArrayList.forEach(ArrayList.java:1541)
... Removed 31 stack frames</pre></div><a href='#' onClick='toggleBox("stack-trace1677840544", this, "Click to show all stack frames", "Click to hide stack frames")'>Click to show all stack frames</a>
<div class='stack-trace' id='stack-trace1677840544'><pre>org.openqa.selenium.WebDriverException: element click intercepted: Element &lt;a&gt;...&lt;/a&gt; is not clickable at point (553, 528). Other element would receive the click: &lt;div class=&quot;modal-base__body&quot;&gt;...&lt;/div&gt;
  (Session info: chrome=99.0.4844.84)
Build info: version: &apos;3.5.3&apos;, revision: &apos;a88d25fe6b&apos;, time: &apos;2017-08-29T12:42:44.417Z&apos;
System info: host: &apos;sqe-IdeaPad-5-15ITL05&apos;, ip: &apos;127.0.1.1&apos;, os.name: &apos;Linux&apos;, os.arch: &apos;amd64&apos;, os.version: &apos;5.13.0-37-generic&apos;, java.version: &apos;11.0.14&apos;
Driver info: org.openqa.selenium.chrome.ChromeDriver
Capabilities [{networkConnectionEnabled=false, chrome={chromedriverVersion=99.0.4844.51 (d537ec02474b5afe23684e7963d538896c63ac77-refs/branch-heads/4844@{#875}), userDataDir=/tmp/.com.google.Chrome.dfDTcS}, timeouts={implicit=0, pageLoad=300000, script=30000}, pageLoadStrategy=normal, unhandledPromptBehavior=dismiss and notify, strictFileInteractability=false, platform=LINUX, proxy=Proxy(), goog:chromeOptions={debuggerAddress=localhost:36103}, webauthn:extension:credBlob=true, acceptInsecureCerts=false, browserVersion=99.0.4844.84, browserName=chrome, javascriptEnabled=true, platformName=LINUX, setWindowRect=true, webauthn:extension:largeBlob=true, webauthn:virtualAuthenticators=true}]
Session ID: bf336c881676eba0d019e1886ecbcac6
	at java.base/jdk.internal.reflect.NativeConstructorAccessorImpl.newInstance0(Native Method)
	at java.base/jdk.internal.reflect.NativeConstructorAccessorImpl.newInstance(NativeConstructorAccessorImpl.java:62)
	at java.base/jdk.internal.reflect.DelegatingConstructorAccessorImpl.newInstance(DelegatingConstructorAccessorImpl.java:45)
	at java.base/java.lang.reflect.Constructor.newInstance(Constructor.java:490)
	at org.openqa.selenium.remote.http.W3CHttpResponseCodec.createException(W3CHttpResponseCodec.java:185)
	at org.openqa.selenium.remote.http.W3CHttpResponseCodec.decode(W3CHttpResponseCodec.java:120)
	at org.openqa.selenium.remote.http.W3CHttpResponseCodec.decode(W3CHttpResponseCodec.java:49)
	at org.openqa.selenium.remote.HttpCommandExecutor.execute(HttpCommandExecutor.java:164)
	at org.openqa.selenium.remote.service.DriverCommandExecutor.execute(DriverCommandExecutor.java:82)
	at org.openqa.selenium.remote.RemoteWebDriver.execute(RemoteWebDriver.java:646)
	at org.openqa.selenium.remote.RemoteWebElement.execute(RemoteWebElement.java:275)
	at org.openqa.selenium.remote.RemoteWebElement.click(RemoteWebElement.java:82)
	at com.ComCate.CommonMethods.WebDriverWaits.ClickOn(WebDriverWaits.java:37)
	at com.ComCate.TestCases.CCP.TC_CCP_35(CCP.java:824)
	at java.base/jdk.internal.reflect.NativeMethodAccessorImpl.invoke0(Native Method)
	at java.base/jdk.internal.reflect.NativeMethodAccessorImpl.invoke(NativeMethodAccessorImpl.java:62)
	at java.base/jdk.internal.reflect.DelegatingMethodAccessorImpl.invoke(DelegatingMethodAccessorImpl.java:43)
	at java.base/java.lang.reflect.Method.invoke(Method.java:566)
	at org.testng.internal.MethodInvocationHelper.invokeMethod(MethodInvocationHelper.java:133)
	at org.testng.internal.TestInvoker.invokeMethod(TestInvoker.java:598)
	at org.testng.internal.TestInvoker.invokeTestMethod(TestInvoker.java:173)
	at org.testng.internal.MethodRunner.runInSequence(MethodRunner.java:46)
	at org.testng.internal.TestInvoker$MethodInvocationAgent.invoke(TestInvoker.java:824)
	at org.testng.internal.TestInvoker.invokeTestMethods(TestInvoker.java:146)
	at org.testng.internal.TestMethodWorker.invokeTestMethods(TestMethodWorker.java:146)
	at org.testng.internal.TestMethodWorker.run(TestMethodWorker.java:128)
	at java.base/java.util.ArrayList.forEach(ArrayList.java:1541)
	at org.testng.TestRunner.privateRun(TestRunner.java:794)
	at org.testng.TestRunner.run(TestRunner.java:596)
	at org.testng.SuiteRunner.runTest(SuiteRunner.java:377)
	at org.testng.SuiteRunner.runSequentially(SuiteRunner.java:371)
	at org.testng.SuiteRunner.privateRun(SuiteRunner.java:332)
	at org.testng.SuiteRunner.run(SuiteRunner.java:276)
	at org.testng.SuiteRunnerWorker.runSuite(SuiteRunnerWorker.java:53)
	at org.testng.SuiteRunnerWorker.run(SuiteRunnerWorker.java:96)
	at org.testng.TestNG.runSuitesSequentially(TestNG.java:1212)
	at org.testng.TestNG.runSuitesLocally(TestNG.java:1134)
	at org.testng.TestNG.runSuites(TestNG.java:1063)
	at org.testng.TestNG.run(TestNG.java:1031)
	at org.testng.remote.AbstractRemoteTestNG.run(AbstractRemoteTestNG.java:115)
	at org.testng.remote.RemoteTestNG.initAndRun(RemoteTestNG.java:251)
	at org.testng.remote.RemoteTestNG.main(RemoteTestNG.java:77)
</pre></div></td>
<td>2</td>
<td>com.ComCate.TestCases.CCP@544fa968</td></tr>
<tr>
<td title='com.ComCate.TestCases.CCP.TC_CCP_31()'><b>TC_CCP_31</b><br>Test class: com.ComCate.TestCases.CCP</td>
<td><div><pre>org.openqa.selenium.TimeoutException: Expected condition failed: waiting for visibility of element located by By.xpath: //label[@class=&apos;file-upload__label&apos;]/input (tried for 20 second(s) with 500 MILLISECONDS interval)
Build info: version: &apos;3.5.3&apos;, revision: &apos;a88d25fe6b&apos;, time: &apos;2017-08-29T12:42:44.417Z&apos;
System info: host: &apos;sqe-IdeaPad-5-15ITL05&apos;, ip: &apos;127.0.1.1&apos;, os.name: &apos;Linux&apos;, os.arch: &apos;amd64&apos;, os.version: &apos;5.13.0-37-generic&apos;, java.version: &apos;11.0.14&apos;
Driver info: org.openqa.selenium.chrome.ChromeDriver
Capabilities [{networkConnectionEnabled=false, chrome={chromedriverVersion=99.0.4844.51 (d537ec02474b5afe23684e7963d538896c63ac77-refs/branch-heads/4844@{#875}), userDataDir=/tmp/.com.google.Chrome.dfDTcS}, timeouts={implicit=0, pageLoad=300000, script=30000}, pageLoadStrategy=normal, unhandledPromptBehavior=dismiss and notify, strictFileInteractability=false, platform=LINUX, proxy=Proxy(), goog:chromeOptions={debuggerAddress=localhost:36103}, webauthn:extension:credBlob=true, acceptInsecureCerts=false, browserVersion=99.0.4844.84, browserName=chrome, javascriptEnabled=true, platformName=LINUX, setWindowRect=true, webauthn:extension:largeBlob=true, webauthn:virtualAuthenticators=true}]
Session ID: bf336c881676eba0d019e1886ecbcac6
	at org.openqa.selenium.support.ui.WebDriverWait.timeoutException(WebDriverWait.java:80)
	at org.openqa.selenium.support.ui.FluentWait.until(FluentWait.java:232)
	at com.ComCate.CommonMethods.WebDriverWaits.GetText(WebDriverWaits.java:49)
	at com.ComCate.TestCases.CCP.TC_CCP_31(CCP.java:749)
	at java.base/java.util.ArrayList.forEach(ArrayList.java:1541)
... Removed 27 stack frames</pre></div><a href='#' onClick='toggleBox("stack-trace45019084", this, "Click to show all stack frames", "Click to hide stack frames")'>Click to show all stack frames</a>
<div class='stack-trace' id='stack-trace45019084'><pre>org.openqa.selenium.TimeoutException: Expected condition failed: waiting for visibility of element located by By.xpath: //label[@class=&apos;file-upload__label&apos;]/input (tried for 20 second(s) with 500 MILLISECONDS interval)
Build info: version: &apos;3.5.3&apos;, revision: &apos;a88d25fe6b&apos;, time: &apos;2017-08-29T12:42:44.417Z&apos;
System info: host: &apos;sqe-IdeaPad-5-15ITL05&apos;, ip: &apos;127.0.1.1&apos;, os.name: &apos;Linux&apos;, os.arch: &apos;amd64&apos;, os.version: &apos;5.13.0-37-generic&apos;, java.version: &apos;11.0.14&apos;
Driver info: org.openqa.selenium.chrome.ChromeDriver
Capabilities [{networkConnectionEnabled=false, chrome={chromedriverVersion=99.0.4844.51 (d537ec02474b5afe23684e7963d538896c63ac77-refs/branch-heads/4844@{#875}), userDataDir=/tmp/.com.google.Chrome.dfDTcS}, timeouts={implicit=0, pageLoad=300000, script=30000}, pageLoadStrategy=normal, unhandledPromptBehavior=dismiss and notify, strictFileInteractability=false, platform=LINUX, proxy=Proxy(), goog:chromeOptions={debuggerAddress=localhost:36103}, webauthn:extension:credBlob=true, acceptInsecureCerts=false, browserVersion=99.0.4844.84, browserName=chrome, javascriptEnabled=true, platformName=LINUX, setWindowRect=true, webauthn:extension:largeBlob=true, webauthn:virtualAuthenticators=true}]
Session ID: bf336c881676eba0d019e1886ecbcac6
	at org.openqa.selenium.support.ui.WebDriverWait.timeoutException(WebDriverWait.java:80)
	at org.openqa.selenium.support.ui.FluentWait.until(FluentWait.java:232)
	at com.ComCate.CommonMethods.WebDriverWaits.GetText(WebDriverWaits.java:49)
	at com.ComCate.TestCases.CCP.TC_CCP_31(CCP.java:749)
	at java.base/jdk.internal.reflect.NativeMethodAccessorImpl.invoke0(Native Method)
	at java.base/jdk.internal.reflect.NativeMethodAccessorImpl.invoke(NativeMethodAccessorImpl.java:62)
	at java.base/jdk.internal.reflect.DelegatingMethodAccessorImpl.invoke(DelegatingMethodAccessorImpl.java:43)
	at java.base/java.lang.reflect.Method.invoke(Method.java:566)
	at org.testng.internal.MethodInvocationHelper.invokeMethod(MethodInvocationHelper.java:133)
	at org.testng.internal.TestInvoker.invokeMethod(TestInvoker.java:598)
	at org.testng.internal.TestInvoker.invokeTestMethod(TestInvoker.java:173)
	at org.testng.internal.MethodRunner.runInSequence(MethodRunner.java:46)
	at org.testng.internal.TestInvoker$MethodInvocationAgent.invoke(TestInvoker.java:824)
	at org.testng.internal.TestInvoker.invokeTestMethods(TestInvoker.java:146)
	at org.testng.internal.TestMethodWorker.invokeTestMethods(TestMethodWorker.java:146)
	at org.testng.internal.TestMethodWorker.run(TestMethodWorker.java:128)
	at java.base/java.util.ArrayList.forEach(ArrayList.java:1541)
	at org.testng.TestRunner.privateRun(TestRunner.java:794)
	at org.testng.TestRunner.run(TestRunner.java:596)
	at org.testng.SuiteRunner.runTest(SuiteRunner.java:377)
	at org.testng.SuiteRunner.runSequentially(SuiteRunner.java:371)
	at org.testng.SuiteRunner.privateRun(SuiteRunner.java:332)
	at org.testng.SuiteRunner.run(SuiteRunner.java:276)
	at org.testng.SuiteRunnerWorker.runSuite(SuiteRunnerWorker.java:53)
	at org.testng.SuiteRunnerWorker.run(SuiteRunnerWorker.java:96)
	at org.testng.TestNG.runSuitesSequentially(TestNG.java:1212)
	at org.testng.TestNG.runSuitesLocally(TestNG.java:1134)
	at org.testng.TestNG.runSuites(TestNG.java:1063)
	at org.testng.TestNG.run(TestNG.java:1031)
	at org.testng.remote.AbstractRemoteTestNG.run(AbstractRemoteTestNG.java:115)
	at org.testng.remote.RemoteTestNG.initAndRun(RemoteTestNG.java:251)
	at org.testng.remote.RemoteTestNG.main(RemoteTestNG.java:77)
</pre></div></td>
<td>25</td>
<td>com.ComCate.TestCases.CCP@544fa968</td></tr>
<tr>
<td title='com.ComCate.TestCases.CCP.TC_CCP_10()'><b>TC_CCP_10</b><br>Test class: com.ComCate.TestCases.CCP</td>
<td><div><pre>org.openqa.selenium.WebDriverException: element click intercepted: Element &lt;button type=&quot;button&quot; class=&quot;edit-btn  btn btn-default&quot;&gt;&lt;/button&gt; is not clickable at point (1460, 228). Other element would receive the click: &lt;div style=&quot;position: fixed; inset: 0px; z-index: 99999; background-color: rgb(255, 255, 255);&quot;&gt;...&lt;/div&gt;
  (Session info: chrome=99.0.4844.84)
Build info: version: &apos;3.5.3&apos;, revision: &apos;a88d25fe6b&apos;, time: &apos;2017-08-29T12:42:44.417Z&apos;
System info: host: &apos;sqe-IdeaPad-5-15ITL05&apos;, ip: &apos;127.0.1.1&apos;, os.name: &apos;Linux&apos;, os.arch: &apos;amd64&apos;, os.version: &apos;5.13.0-37-generic&apos;, java.version: &apos;11.0.14&apos;
Driver info: org.openqa.selenium.chrome.ChromeDriver
Capabilities [{networkConnectionEnabled=false, chrome={chromedriverVersion=99.0.4844.51 (d537ec02474b5afe23684e7963d538896c63ac77-refs/branch-heads/4844@{#875}), userDataDir=/tmp/.com.google.Chrome.dfDTcS}, timeouts={implicit=0, pageLoad=300000, script=30000}, pageLoadStrategy=normal, unhandledPromptBehavior=dismiss and notify, strictFileInteractability=false, platform=LINUX, proxy=Proxy(), goog:chromeOptions={debuggerAddress=localhost:36103}, webauthn:extension:credBlob=true, acceptInsecureCerts=false, browserVersion=99.0.4844.84, browserName=chrome, javascriptEnabled=true, platformName=LINUX, setWindowRect=true, webauthn:extension:largeBlob=true, webauthn:virtualAuthenticators=true}]
Session ID: bf336c881676eba0d019e1886ecbcac6
	at org.openqa.selenium.remote.http.W3CHttpResponseCodec.createException(W3CHttpResponseCodec.java:185)
	at org.openqa.selenium.remote.http.W3CHttpResponseCodec.decode(W3CHttpResponseCodec.java:120)
	at org.openqa.selenium.remote.http.W3CHttpResponseCodec.decode(W3CHttpResponseCodec.java:49)
	at org.openqa.selenium.remote.HttpCommandExecutor.execute(HttpCommandExecutor.java:164)
	at org.openqa.selenium.remote.service.DriverCommandExecutor.execute(DriverCommandExecutor.java:82)
	at org.openqa.selenium.remote.RemoteWebDriver.execute(RemoteWebDriver.java:646)
	at org.openqa.selenium.remote.RemoteWebElement.execute(RemoteWebElement.java:275)
	at org.openqa.selenium.remote.RemoteWebElement.click(RemoteWebElement.java:82)
	at com.ComCate.CommonMethods.WebDriverWaits.ClickOn(WebDriverWaits.java:37)
	at com.ComCate.TestCases.CCP.TC_CCP_10(CCP.java:333)
	at java.base/java.util.ArrayList.forEach(ArrayList.java:1541)
... Removed 31 stack frames</pre></div><a href='#' onClick='toggleBox("stack-trace1675239551", this, "Click to show all stack frames", "Click to hide stack frames")'>Click to show all stack frames</a>
<div class='stack-trace' id='stack-trace1675239551'><pre>org.openqa.selenium.WebDriverException: element click intercepted: Element &lt;button type=&quot;button&quot; class=&quot;edit-btn  btn btn-default&quot;&gt;&lt;/button&gt; is not clickable at point (1460, 228). Other element would receive the click: &lt;div style=&quot;position: fixed; inset: 0px; z-index: 99999; background-color: rgb(255, 255, 255);&quot;&gt;...&lt;/div&gt;
  (Session info: chrome=99.0.4844.84)
Build info: version: &apos;3.5.3&apos;, revision: &apos;a88d25fe6b&apos;, time: &apos;2017-08-29T12:42:44.417Z&apos;
System info: host: &apos;sqe-IdeaPad-5-15ITL05&apos;, ip: &apos;127.0.1.1&apos;, os.name: &apos;Linux&apos;, os.arch: &apos;amd64&apos;, os.version: &apos;5.13.0-37-generic&apos;, java.version: &apos;11.0.14&apos;
Driver info: org.openqa.selenium.chrome.ChromeDriver
Capabilities [{networkConnectionEnabled=false, chrome={chromedriverVersion=99.0.4844.51 (d537ec02474b5afe23684e7963d538896c63ac77-refs/branch-heads/4844@{#875}), userDataDir=/tmp/.com.google.Chrome.dfDTcS}, timeouts={implicit=0, pageLoad=300000, script=30000}, pageLoadStrategy=normal, unhandledPromptBehavior=dismiss and notify, strictFileInteractability=false, platform=LINUX, proxy=Proxy(), goog:chromeOptions={debuggerAddress=localhost:36103}, webauthn:extension:credBlob=true, acceptInsecureCerts=false, browserVersion=99.0.4844.84, browserName=chrome, javascriptEnabled=true, platformName=LINUX, setWindowRect=true, webauthn:extension:largeBlob=true, webauthn:virtualAuthenticators=true}]
Session ID: bf336c881676eba0d019e1886ecbcac6
	at java.base/jdk.internal.reflect.NativeConstructorAccessorImpl.newInstance0(Native Method)
	at java.base/jdk.internal.reflect.NativeConstructorAccessorImpl.newInstance(NativeConstructorAccessorImpl.java:62)
	at java.base/jdk.internal.reflect.DelegatingConstructorAccessorImpl.newInstance(DelegatingConstructorAccessorImpl.java:45)
	at java.base/java.lang.reflect.Constructor.newInstance(Constructor.java:490)
	at org.openqa.selenium.remote.http.W3CHttpResponseCodec.createException(W3CHttpResponseCodec.java:185)
	at org.openqa.selenium.remote.http.W3CHttpResponseCodec.decode(W3CHttpResponseCodec.java:120)
	at org.openqa.selenium.remote.http.W3CHttpResponseCodec.decode(W3CHttpResponseCodec.java:49)
	at org.openqa.selenium.remote.HttpCommandExecutor.execute(HttpCommandExecutor.java:164)
	at org.openqa.selenium.remote.service.DriverCommandExecutor.execute(DriverCommandExecutor.java:82)
	at org.openqa.selenium.remote.RemoteWebDriver.execute(RemoteWebDriver.java:646)
	at org.openqa.selenium.remote.RemoteWebElement.execute(RemoteWebElement.java:275)
	at org.openqa.selenium.remote.RemoteWebElement.click(RemoteWebElement.java:82)
	at com.ComCate.CommonMethods.WebDriverWaits.ClickOn(WebDriverWaits.java:37)
	at com.ComCate.TestCases.CCP.TC_CCP_10(CCP.java:333)
	at java.base/jdk.internal.reflect.NativeMethodAccessorImpl.invoke0(Native Method)
	at java.base/jdk.internal.reflect.NativeMethodAccessorImpl.invoke(NativeMethodAccessorImpl.java:62)
	at java.base/jdk.internal.reflect.DelegatingMethodAccessorImpl.invoke(DelegatingMethodAccessorImpl.java:43)
	at java.base/java.lang.reflect.Method.invoke(Method.java:566)
	at org.testng.internal.MethodInvocationHelper.invokeMethod(MethodInvocationHelper.java:133)
	at org.testng.internal.TestInvoker.invokeMethod(TestInvoker.java:598)
	at org.testng.internal.TestInvoker.invokeTestMethod(TestInvoker.java:173)
	at org.testng.internal.MethodRunner.runInSequence(MethodRunner.java:46)
	at org.testng.internal.TestInvoker$MethodInvocationAgent.invoke(TestInvoker.java:824)
	at org.testng.internal.TestInvoker.invokeTestMethods(TestInvoker.java:146)
	at org.testng.internal.TestMethodWorker.invokeTestMethods(TestMethodWorker.java:146)
	at org.testng.internal.TestMethodWorker.run(TestMethodWorker.java:128)
	at java.base/java.util.ArrayList.forEach(ArrayList.java:1541)
	at org.testng.TestRunner.privateRun(TestRunner.java:794)
	at org.testng.TestRunner.run(TestRunner.java:596)
	at org.testng.SuiteRunner.runTest(SuiteRunner.java:377)
	at org.testng.SuiteRunner.runSequentially(SuiteRunner.java:371)
	at org.testng.SuiteRunner.privateRun(SuiteRunner.java:332)
	at org.testng.SuiteRunner.run(SuiteRunner.java:276)
	at org.testng.SuiteRunnerWorker.runSuite(SuiteRunnerWorker.java:53)
	at org.testng.SuiteRunnerWorker.run(SuiteRunnerWorker.java:96)
	at org.testng.TestNG.runSuitesSequentially(TestNG.java:1212)
	at org.testng.TestNG.runSuitesLocally(TestNG.java:1134)
	at org.testng.TestNG.runSuites(TestNG.java:1063)
	at org.testng.TestNG.run(TestNG.java:1031)
	at org.testng.remote.AbstractRemoteTestNG.run(AbstractRemoteTestNG.java:115)
	at org.testng.remote.RemoteTestNG.initAndRun(RemoteTestNG.java:251)
	at org.testng.remote.RemoteTestNG.main(RemoteTestNG.java:77)
</pre></div></td>
<td>2</td>
<td>com.ComCate.TestCases.CCP@544fa968</td></tr>
<tr>
<td title='com.ComCate.TestCases.CCP.TC_CCP_32()'><b>TC_CCP_32</b><br>Test class: com.ComCate.TestCases.CCP</td>
<td><div><pre>org.openqa.selenium.NoSuchElementException: no such element: Unable to locate element: {&quot;method&quot;:&quot;xpath&quot;,&quot;selector&quot;:&quot;//div[@class=&apos;file-upload&apos;]//img&quot;}
  (Session info: chrome=99.0.4844.84)
For documentation on this error, please visit: http://seleniumhq.org/exceptions/no_such_element.html
Build info: version: &apos;3.5.3&apos;, revision: &apos;a88d25fe6b&apos;, time: &apos;2017-08-29T12:42:44.417Z&apos;
System info: host: &apos;sqe-IdeaPad-5-15ITL05&apos;, ip: &apos;127.0.1.1&apos;, os.name: &apos;Linux&apos;, os.arch: &apos;amd64&apos;, os.version: &apos;5.13.0-37-generic&apos;, java.version: &apos;11.0.14&apos;
Driver info: org.openqa.selenium.chrome.ChromeDriver
Capabilities [{networkConnectionEnabled=false, chrome={chromedriverVersion=99.0.4844.51 (d537ec02474b5afe23684e7963d538896c63ac77-refs/branch-heads/4844@{#875}), userDataDir=/tmp/.com.google.Chrome.dfDTcS}, timeouts={implicit=0, pageLoad=300000, script=30000}, pageLoadStrategy=normal, unhandledPromptBehavior=dismiss and notify, strictFileInteractability=false, platform=LINUX, proxy=Proxy(), goog:chromeOptions={debuggerAddress=localhost:36103}, webauthn:extension:credBlob=true, acceptInsecureCerts=false, browserVersion=99.0.4844.84, browserName=chrome, javascriptEnabled=true, platformName=LINUX, setWindowRect=true, webauthn:extension:largeBlob=true, webauthn:virtualAuthenticators=true}]
Session ID: bf336c881676eba0d019e1886ecbcac6
*** Element info: {Using=xpath, value=//div[@class=&apos;file-upload&apos;]//img}
	at org.openqa.selenium.remote.http.W3CHttpResponseCodec.createException(W3CHttpResponseCodec.java:185)
	at org.openqa.selenium.remote.http.W3CHttpResponseCodec.decode(W3CHttpResponseCodec.java:120)
	at org.openqa.selenium.remote.http.W3CHttpResponseCodec.decode(W3CHttpResponseCodec.java:49)
	at org.openqa.selenium.remote.HttpCommandExecutor.execute(HttpCommandExecutor.java:164)
	at org.openqa.selenium.remote.service.DriverCommandExecutor.execute(DriverCommandExecutor.java:82)
	at org.openqa.selenium.remote.RemoteWebDriver.execute(RemoteWebDriver.java:646)
	at org.openqa.selenium.remote.RemoteWebDriver.findElement(RemoteWebDriver.java:416)
	at org.openqa.selenium.remote.RemoteWebDriver.findElementByXPath(RemoteWebDriver.java:518)
	at org.openqa.selenium.By$ByXPath.findElement(By.java:361)
	at org.openqa.selenium.remote.RemoteWebDriver.findElement(RemoteWebDriver.java:408)
	at com.ComCate.TestCases.CCP.TC_CCP_32(CCP.java:773)
	at java.base/java.util.ArrayList.forEach(ArrayList.java:1541)
... Removed 31 stack frames</pre></div><a href='#' onClick='toggleBox("stack-trace807053698", this, "Click to show all stack frames", "Click to hide stack frames")'>Click to show all stack frames</a>
<div class='stack-trace' id='stack-trace807053698'><pre>org.openqa.selenium.NoSuchElementException: no such element: Unable to locate element: {&quot;method&quot;:&quot;xpath&quot;,&quot;selector&quot;:&quot;//div[@class=&apos;file-upload&apos;]//img&quot;}
  (Session info: chrome=99.0.4844.84)
For documentation on this error, please visit: http://seleniumhq.org/exceptions/no_such_element.html
Build info: version: &apos;3.5.3&apos;, revision: &apos;a88d25fe6b&apos;, time: &apos;2017-08-29T12:42:44.417Z&apos;
System info: host: &apos;sqe-IdeaPad-5-15ITL05&apos;, ip: &apos;127.0.1.1&apos;, os.name: &apos;Linux&apos;, os.arch: &apos;amd64&apos;, os.version: &apos;5.13.0-37-generic&apos;, java.version: &apos;11.0.14&apos;
Driver info: org.openqa.selenium.chrome.ChromeDriver
Capabilities [{networkConnectionEnabled=false, chrome={chromedriverVersion=99.0.4844.51 (d537ec02474b5afe23684e7963d538896c63ac77-refs/branch-heads/4844@{#875}), userDataDir=/tmp/.com.google.Chrome.dfDTcS}, timeouts={implicit=0, pageLoad=300000, script=30000}, pageLoadStrategy=normal, unhandledPromptBehavior=dismiss and notify, strictFileInteractability=false, platform=LINUX, proxy=Proxy(), goog:chromeOptions={debuggerAddress=localhost:36103}, webauthn:extension:credBlob=true, acceptInsecureCerts=false, browserVersion=99.0.4844.84, browserName=chrome, javascriptEnabled=true, platformName=LINUX, setWindowRect=true, webauthn:extension:largeBlob=true, webauthn:virtualAuthenticators=true}]
Session ID: bf336c881676eba0d019e1886ecbcac6
*** Element info: {Using=xpath, value=//div[@class=&apos;file-upload&apos;]//img}
	at java.base/jdk.internal.reflect.NativeConstructorAccessorImpl.newInstance0(Native Method)
	at java.base/jdk.internal.reflect.NativeConstructorAccessorImpl.newInstance(NativeConstructorAccessorImpl.java:62)
	at java.base/jdk.internal.reflect.DelegatingConstructorAccessorImpl.newInstance(DelegatingConstructorAccessorImpl.java:45)
	at java.base/java.lang.reflect.Constructor.newInstance(Constructor.java:490)
	at org.openqa.selenium.remote.http.W3CHttpResponseCodec.createException(W3CHttpResponseCodec.java:185)
	at org.openqa.selenium.remote.http.W3CHttpResponseCodec.decode(W3CHttpResponseCodec.java:120)
	at org.openqa.selenium.remote.http.W3CHttpResponseCodec.decode(W3CHttpResponseCodec.java:49)
	at org.openqa.selenium.remote.HttpCommandExecutor.execute(HttpCommandExecutor.java:164)
	at org.openqa.selenium.remote.service.DriverCommandExecutor.execute(DriverCommandExecutor.java:82)
	at org.openqa.selenium.remote.RemoteWebDriver.execute(RemoteWebDriver.java:646)
	at org.openqa.selenium.remote.RemoteWebDriver.findElement(RemoteWebDriver.java:416)
	at org.openqa.selenium.remote.RemoteWebDriver.findElementByXPath(RemoteWebDriver.java:518)
	at org.openqa.selenium.By$ByXPath.findElement(By.java:361)
	at org.openqa.selenium.remote.RemoteWebDriver.findElement(RemoteWebDriver.java:408)
	at com.ComCate.TestCases.CCP.TC_CCP_32(CCP.java:773)
	at java.base/jdk.internal.reflect.NativeMethodAccessorImpl.invoke0(Native Method)
	at java.base/jdk.internal.reflect.NativeMethodAccessorImpl.invoke(NativeMethodAccessorImpl.java:62)
	at java.base/jdk.internal.reflect.DelegatingMethodAccessorImpl.invoke(DelegatingMethodAccessorImpl.java:43)
	at java.base/java.lang.reflect.Method.invoke(Method.java:566)
	at org.testng.internal.MethodInvocationHelper.invokeMethod(MethodInvocationHelper.java:133)
	at org.testng.internal.TestInvoker.invokeMethod(TestInvoker.java:598)
	at org.testng.internal.TestInvoker.invokeTestMethod(TestInvoker.java:173)
	at org.testng.internal.MethodRunner.runInSequence(MethodRunner.java:46)
	at org.testng.internal.TestInvoker$MethodInvocationAgent.invoke(TestInvoker.java:824)
	at org.testng.internal.TestInvoker.invokeTestMethods(TestInvoker.java:146)
	at org.testng.internal.TestMethodWorker.invokeTestMethods(TestMethodWorker.java:146)
	at org.testng.internal.TestMethodWorker.run(TestMethodWorker.java:128)
	at java.base/java.util.ArrayList.forEach(ArrayList.java:1541)
	at org.testng.TestRunner.privateRun(TestRunner.java:794)
	at org.testng.TestRunner.run(TestRunner.java:596)
	at org.testng.SuiteRunner.runTest(SuiteRunner.java:377)
	at org.testng.SuiteRunner.runSequentially(SuiteRunner.java:371)
	at org.testng.SuiteRunner.privateRun(SuiteRunner.java:332)
	at org.testng.SuiteRunner.run(SuiteRunner.java:276)
	at org.testng.SuiteRunnerWorker.runSuite(SuiteRunnerWorker.java:53)
	at org.testng.SuiteRunnerWorker.run(SuiteRunnerWorker.java:96)
	at org.testng.TestNG.runSuitesSequentially(TestNG.java:1212)
	at org.testng.TestNG.runSuitesLocally(TestNG.java:1134)
	at org.testng.TestNG.runSuites(TestNG.java:1063)
	at org.testng.TestNG.run(TestNG.java:1031)
	at org.testng.remote.AbstractRemoteTestNG.run(AbstractRemoteTestNG.java:115)
	at org.testng.remote.RemoteTestNG.initAndRun(RemoteTestNG.java:251)
	at org.testng.remote.RemoteTestNG.main(RemoteTestNG.java:77)
</pre></div></td>
<td>1</td>
<td>com.ComCate.TestCases.CCP@544fa968</td></tr>
<tr>
<td title='com.ComCate.TestCases.CCP.TC_CCP_11()'><b>TC_CCP_11</b><br>Test class: com.ComCate.TestCases.CCP</td>
<td><div><pre>org.openqa.selenium.TimeoutException: Expected condition failed: waiting for element to be clickable: By.xpath: //div[@class=&apos;edit-address__header&apos;]/child::div/button[2] (tried for 20 second(s) with 500 MILLISECONDS interval)
	at org.openqa.selenium.support.ui.WebDriverWait.timeoutException(WebDriverWait.java:80)
	at org.openqa.selenium.support.ui.FluentWait.until(FluentWait.java:232)
	at com.ComCate.CommonMethods.WebDriverWaits.ClickOn(WebDriverWaits.java:35)
	at com.ComCate.TestCases.CCP.TC_CCP_11(CCP.java:362)
	at java.base/java.util.ArrayList.forEach(ArrayList.java:1541)
Caused by: org.openqa.selenium.NoSuchElementException: Cannot locate an element using By.xpath: //div[@class=&apos;edit-address__header&apos;]/child::div/button[2]
For documentation on this error, please visit: http://seleniumhq.org/exceptions/no_such_element.html
Build info: version: &apos;3.5.3&apos;, revision: &apos;a88d25fe6b&apos;, time: &apos;2017-08-29T12:42:44.417Z&apos;
System info: host: &apos;sqe-IdeaPad-5-15ITL05&apos;, ip: &apos;127.0.1.1&apos;, os.name: &apos;Linux&apos;, os.arch: &apos;amd64&apos;, os.version: &apos;5.13.0-37-generic&apos;, java.version: &apos;11.0.14&apos;
Driver info: driver.version: unknown
	at org.openqa.selenium.support.ui.ExpectedConditions.lambda$findElement$0(ExpectedConditions.java:883)
	at java.base/java.util.Optional.orElseThrow(Optional.java:408)
	at org.openqa.selenium.support.ui.ExpectedConditions.findElement(ExpectedConditions.java:882)
	at org.openqa.selenium.support.ui.ExpectedConditions.access$000(ExpectedConditions.java:44)
	at org.openqa.selenium.support.ui.ExpectedConditions$7.apply(ExpectedConditions.java:206)
	at org.openqa.selenium.support.ui.ExpectedConditions$7.apply(ExpectedConditions.java:202)
	at org.openqa.selenium.support.ui.ExpectedConditions$22.apply(ExpectedConditions.java:644)
	at org.openqa.selenium.support.ui.ExpectedConditions$22.apply(ExpectedConditions.java:641)
	at org.openqa.selenium.support.ui.FluentWait.until(FluentWait.java:209)
	... 30 more
... Removed 27 stack frames</pre></div><a href='#' onClick='toggleBox("stack-trace1373361892", this, "Click to show all stack frames", "Click to hide stack frames")'>Click to show all stack frames</a>
<div class='stack-trace' id='stack-trace1373361892'><pre>org.openqa.selenium.TimeoutException: Expected condition failed: waiting for element to be clickable: By.xpath: //div[@class=&apos;edit-address__header&apos;]/child::div/button[2] (tried for 20 second(s) with 500 MILLISECONDS interval)
	at org.openqa.selenium.support.ui.WebDriverWait.timeoutException(WebDriverWait.java:80)
	at org.openqa.selenium.support.ui.FluentWait.until(FluentWait.java:232)
	at com.ComCate.CommonMethods.WebDriverWaits.ClickOn(WebDriverWaits.java:35)
	at com.ComCate.TestCases.CCP.TC_CCP_11(CCP.java:362)
	at java.base/jdk.internal.reflect.NativeMethodAccessorImpl.invoke0(Native Method)
	at java.base/jdk.internal.reflect.NativeMethodAccessorImpl.invoke(NativeMethodAccessorImpl.java:62)
	at java.base/jdk.internal.reflect.DelegatingMethodAccessorImpl.invoke(DelegatingMethodAccessorImpl.java:43)
	at java.base/java.lang.reflect.Method.invoke(Method.java:566)
	at org.testng.internal.MethodInvocationHelper.invokeMethod(MethodInvocationHelper.java:133)
	at org.testng.internal.TestInvoker.invokeMethod(TestInvoker.java:598)
	at org.testng.internal.TestInvoker.invokeTestMethod(TestInvoker.java:173)
	at org.testng.internal.MethodRunner.runInSequence(MethodRunner.java:46)
	at org.testng.internal.TestInvoker$MethodInvocationAgent.invoke(TestInvoker.java:824)
	at org.testng.internal.TestInvoker.invokeTestMethods(TestInvoker.java:146)
	at org.testng.internal.TestMethodWorker.invokeTestMethods(TestMethodWorker.java:146)
	at org.testng.internal.TestMethodWorker.run(TestMethodWorker.java:128)
	at java.base/java.util.ArrayList.forEach(ArrayList.java:1541)
	at org.testng.TestRunner.privateRun(TestRunner.java:794)
	at org.testng.TestRunner.run(TestRunner.java:596)
	at org.testng.SuiteRunner.runTest(SuiteRunner.java:377)
	at org.testng.SuiteRunner.runSequentially(SuiteRunner.java:371)
	at org.testng.SuiteRunner.privateRun(SuiteRunner.java:332)
	at org.testng.SuiteRunner.run(SuiteRunner.java:276)
	at org.testng.SuiteRunnerWorker.runSuite(SuiteRunnerWorker.java:53)
	at org.testng.SuiteRunnerWorker.run(SuiteRunnerWorker.java:96)
	at org.testng.TestNG.runSuitesSequentially(TestNG.java:1212)
	at org.testng.TestNG.runSuitesLocally(TestNG.java:1134)
	at org.testng.TestNG.runSuites(TestNG.java:1063)
	at org.testng.TestNG.run(TestNG.java:1031)
	at org.testng.remote.AbstractRemoteTestNG.run(AbstractRemoteTestNG.java:115)
	at org.testng.remote.RemoteTestNG.initAndRun(RemoteTestNG.java:251)
	at org.testng.remote.RemoteTestNG.main(RemoteTestNG.java:77)
Caused by: org.openqa.selenium.NoSuchElementException: Cannot locate an element using By.xpath: //div[@class=&apos;edit-address__header&apos;]/child::div/button[2]
For documentation on this error, please visit: http://seleniumhq.org/exceptions/no_such_element.html
Build info: version: &apos;3.5.3&apos;, revision: &apos;a88d25fe6b&apos;, time: &apos;2017-08-29T12:42:44.417Z&apos;
System info: host: &apos;sqe-IdeaPad-5-15ITL05&apos;, ip: &apos;127.0.1.1&apos;, os.name: &apos;Linux&apos;, os.arch: &apos;amd64&apos;, os.version: &apos;5.13.0-37-generic&apos;, java.version: &apos;11.0.14&apos;
Driver info: driver.version: unknown
	at org.openqa.selenium.support.ui.ExpectedConditions.lambda$findElement$0(ExpectedConditions.java:883)
	at java.base/java.util.Optional.orElseThrow(Optional.java:408)
	at org.openqa.selenium.support.ui.ExpectedConditions.findElement(ExpectedConditions.java:882)
	at org.openqa.selenium.support.ui.ExpectedConditions.access$000(ExpectedConditions.java:44)
	at org.openqa.selenium.support.ui.ExpectedConditions$7.apply(ExpectedConditions.java:206)
	at org.openqa.selenium.support.ui.ExpectedConditions$7.apply(ExpectedConditions.java:202)
	at org.openqa.selenium.support.ui.ExpectedConditions$22.apply(ExpectedConditions.java:644)
	at org.openqa.selenium.support.ui.ExpectedConditions$22.apply(ExpectedConditions.java:641)
	at org.openqa.selenium.support.ui.FluentWait.until(FluentWait.java:209)
	... 30 more
</pre></div></td>
<td>20</td>
<td>com.ComCate.TestCases.CCP@544fa968</td></tr>
<tr>
<td title='com.ComCate.TestCases.CCP.TC_CCP_12()'><b>TC_CCP_12</b><br>Test class: com.ComCate.TestCases.CCP</td>
<td><div><pre>java.lang.AssertionError: expected [Manual Street] but found [New Street]
	at com.ComCate.TestCases.CCP.TC_CCP_12(CCP.java:386)
	at java.base/java.util.ArrayList.forEach(ArrayList.java:1541)
... Removed 33 stack frames</pre></div><a href='#' onClick='toggleBox("stack-trace62803825", this, "Click to show all stack frames", "Click to hide stack frames")'>Click to show all stack frames</a>
<div class='stack-trace' id='stack-trace62803825'><pre>java.lang.AssertionError: expected [Manual Street] but found [New Street]
	at org.testng.Assert.fail(Assert.java:99)
	at org.testng.Assert.failNotEquals(Assert.java:1037)
	at org.testng.Assert.assertEqualsImpl(Assert.java:140)
	at org.testng.Assert.assertEquals(Assert.java:122)
	at org.testng.Assert.assertEquals(Assert.java:629)
	at org.testng.Assert.assertEquals(Assert.java:639)
	at com.ComCate.TestCases.CCP.TC_CCP_12(CCP.java:386)
	at java.base/jdk.internal.reflect.NativeMethodAccessorImpl.invoke0(Native Method)
	at java.base/jdk.internal.reflect.NativeMethodAccessorImpl.invoke(NativeMethodAccessorImpl.java:62)
	at java.base/jdk.internal.reflect.DelegatingMethodAccessorImpl.invoke(DelegatingMethodAccessorImpl.java:43)
	at java.base/java.lang.reflect.Method.invoke(Method.java:566)
	at org.testng.internal.MethodInvocationHelper.invokeMethod(MethodInvocationHelper.java:133)
	at org.testng.internal.TestInvoker.invokeMethod(TestInvoker.java:598)
	at org.testng.internal.TestInvoker.invokeTestMethod(TestInvoker.java:173)
	at org.testng.internal.MethodRunner.runInSequence(MethodRunner.java:46)
	at org.testng.internal.TestInvoker$MethodInvocationAgent.invoke(TestInvoker.java:824)
	at org.testng.internal.TestInvoker.invokeTestMethods(TestInvoker.java:146)
	at org.testng.internal.TestMethodWorker.invokeTestMethods(TestMethodWorker.java:146)
	at org.testng.internal.TestMethodWorker.run(TestMethodWorker.java:128)
	at java.base/java.util.ArrayList.forEach(ArrayList.java:1541)
	at org.testng.TestRunner.privateRun(TestRunner.java:794)
	at org.testng.TestRunner.run(TestRunner.java:596)
	at org.testng.SuiteRunner.runTest(SuiteRunner.java:377)
	at org.testng.SuiteRunner.runSequentially(SuiteRunner.java:371)
	at org.testng.SuiteRunner.privateRun(SuiteRunner.java:332)
	at org.testng.SuiteRunner.run(SuiteRunner.java:276)
	at org.testng.SuiteRunnerWorker.runSuite(SuiteRunnerWorker.java:53)
	at org.testng.SuiteRunnerWorker.run(SuiteRunnerWorker.java:96)
	at org.testng.TestNG.runSuitesSequentially(TestNG.java:1212)
	at org.testng.TestNG.runSuitesLocally(TestNG.java:1134)
	at org.testng.TestNG.runSuites(TestNG.java:1063)
	at org.testng.TestNG.run(TestNG.java:1031)
	at org.testng.remote.AbstractRemoteTestNG.run(AbstractRemoteTestNG.java:115)
	at org.testng.remote.RemoteTestNG.initAndRun(RemoteTestNG.java:251)
	at org.testng.remote.RemoteTestNG.main(RemoteTestNG.java:77)
</pre></div></td>
<td>1</td>
<td>com.ComCate.TestCases.CCP@544fa968</td></tr>
</table><p>
<table width='100%' border='1' class='invocation-passed'>
<tr><td colspan='4' align='center'><b>PASSED TESTS</b></td></tr>
<tr><td><b>Test method</b></td>
<td width="30%"><b>Exception</b></td>
<td width="10%"><b>Time (seconds)</b></td>
<td><b>Instance</b></td>
</tr>
<tr>
<td title='com.ComCate.TestCases.CCP.TC_CCP_17()'><b>TC_CCP_17</b><br>Test class: com.ComCate.TestCases.CCP</td>
<td></td>
<td>1</td>
<td>com.ComCate.TestCases.CCP@544fa968</td></tr>
<tr>
<td title='com.ComCate.TestCases.CCP.TC_CCP_22()'><b>TC_CCP_22</b><br>Test class: com.ComCate.TestCases.CCP</td>
<td></td>
<td>0</td>
<td>com.ComCate.TestCases.CCP@544fa968</td></tr>
<tr>
<td title='com.ComCate.TestCases.CCP.TC_CCP_39()'><b>TC_CCP_39</b><br>Test class: com.ComCate.TestCases.CCP</td>
<td></td>
<td>2</td>
<td>com.ComCate.TestCases.CCP@544fa968</td></tr>
<tr>
<td title='com.ComCate.TestCases.CCP.TC_CCP_30()'><b>TC_CCP_30</b><br>Test class: com.ComCate.TestCases.CCP</td>
<td></td>
<td>3</td>
<td>com.ComCate.TestCases.CCP@544fa968</td></tr>
<tr>
<td title='com.ComCate.TestCases.CCP.TC_CCP_28()'><b>TC_CCP_28</b><br>Test class: com.ComCate.TestCases.CCP</td>
<td></td>
<td>0</td>
<td>com.ComCate.TestCases.CCP@544fa968</td></tr>
<tr>
<td title='com.ComCate.TestCases.CCP.TC_CCP_52()'><b>TC_CCP_52</b><br>Test class: com.ComCate.TestCases.CCP</td>
<td></td>
<td>6</td>
<td>com.ComCate.TestCases.CCP@544fa968</td></tr>
<tr>
<td title='com.ComCate.TestCases.CCP.TC_CCP_14()'><b>TC_CCP_14</b><br>Test class: com.ComCate.TestCases.CCP</td>
<td></td>
<td>1</td>
<td>com.ComCate.TestCases.CCP@544fa968</td></tr>
<tr>
<td title='com.ComCate.TestCases.CCP.TC_CCP_23()'><b>TC_CCP_23</b><br>Test class: com.ComCate.TestCases.CCP</td>
<td></td>
<td>0</td>
<td>com.ComCate.TestCases.CCP@544fa968</td></tr>
<tr>
<td title='com.ComCate.TestCases.CCP.TC_CCP_25()'><b>TC_CCP_25</b><br>Test class: com.ComCate.TestCases.CCP</td>
<td></td>
<td>0</td>
<td>com.ComCate.TestCases.CCP@544fa968</td></tr>
<tr>
<td title='com.ComCate.TestCases.CCP.TC_CCP_34()'><b>TC_CCP_34</b><br>Test class: com.ComCate.TestCases.CCP</td>
<td></td>
<td>2</td>
<td>com.ComCate.TestCases.CCP@544fa968</td></tr>
<tr>
<td title='com.ComCate.TestCases.CCP.TC_CCP_16()'><b>TC_CCP_16</b><br>Test class: com.ComCate.TestCases.CCP</td>
<td></td>
<td>0</td>
<td>com.ComCate.TestCases.CCP@544fa968</td></tr>
<tr>
<td title='com.ComCate.TestCases.CCP.TC_CCP_19()'><b>TC_CCP_19</b><br>Test class: com.ComCate.TestCases.CCP</td>
<td></td>
<td>0</td>
<td>com.ComCate.TestCases.CCP@544fa968</td></tr>
<tr>
<td title='com.ComCate.TestCases.CCP.TC_CCP_54()'><b>TC_CCP_54</b><br>Test class: com.ComCate.TestCases.CCP</td>
<td></td>
<td>0</td>
<td>com.ComCate.TestCases.CCP@544fa968</td></tr>
<tr>
<td title='com.ComCate.TestCases.CCP.TC_CCP_02()'><b>TC_CCP_02</b><br>Test class: com.ComCate.TestCases.CCP</td>
<td></td>
<td>0</td>
<td>com.ComCate.TestCases.CCP@544fa968</td></tr>
<tr>
<td title='com.ComCate.TestCases.CCP.TC_CCP_50()'><b>TC_CCP_50</b><br>Test class: com.ComCate.TestCases.CCP</td>
<td></td>
<td>3</td>
<td>com.ComCate.TestCases.CCP@544fa968</td></tr>
<tr>
<td title='com.ComCate.TestCases.CCP.TC_CCP_38()'><b>TC_CCP_38</b><br>Test class: com.ComCate.TestCases.CCP</td>
<td></td>
<td>0</td>
<td>com.ComCate.TestCases.CCP@544fa968</td></tr>
<tr>
<td title='com.ComCate.TestCases.Login.LoginAgency()'><b>LoginAgency</b><br>Test class: com.ComCate.TestCases.Login</td>
<td></td>
<td>10</td>
<td>com.ComCate.TestCases.Login@61322f9d</td></tr>
<tr>
<td title='com.ComCate.TestCases.CCP.TC_CCP_36()'><b>TC_CCP_36</b><br>Test class: com.ComCate.TestCases.CCP</td>
<td></td>
<td>2</td>
<td>com.ComCate.TestCases.CCP@544fa968</td></tr>
<tr>
<td title='com.ComCate.TestCases.CCP.TC_CCP_08()'><b>TC_CCP_08</b><br>Test class: com.ComCate.TestCases.CCP</td>
<td></td>
<td>0</td>
<td>com.ComCate.TestCases.CCP@544fa968</td></tr>
<tr>
<td title='com.ComCate.TestCases.CCP.TC_CCP_07()'><b>TC_CCP_07</b><br>Test class: com.ComCate.TestCases.CCP</td>
<td></td>
<td>2</td>
<td>com.ComCate.TestCases.CCP@544fa968</td></tr>
<tr>
<td title='com.ComCate.TestCases.CCP.TC_CCP_24()'><b>TC_CCP_24</b><br>Test class: com.ComCate.TestCases.CCP</td>
<td></td>
<td>0</td>
<td>com.ComCate.TestCases.CCP@544fa968</td></tr>
<tr>
<td title='com.ComCate.TestCases.CCP.TC_CCP_29()'><b>TC_CCP_29</b><br>Test class: com.ComCate.TestCases.CCP</td>
<td></td>
<td>5</td>
<td>com.ComCate.TestCases.CCP@544fa968</td></tr>
<tr>
<td title='com.ComCate.TestCases.CCP.TC_CCP_09()'><b>TC_CCP_09</b><br>Test class: com.ComCate.TestCases.CCP</td>
<td></td>
<td>1</td>
<td>com.ComCate.TestCases.CCP@544fa968</td></tr>
<tr>
<td title='com.ComCate.TestCases.CCP.TC_CCP_26()'><b>TC_CCP_26</b><br>Test class: com.ComCate.TestCases.CCP</td>
<td></td>
<td>2</td>
<td>com.ComCate.TestCases.CCP@544fa968</td></tr>
<tr>
<td title='com.ComCate.TestCases.CCP.TC_CCP_47()'><b>TC_CCP_47</b><br>Test class: com.ComCate.TestCases.CCP</td>
<td></td>
<td>3</td>
<td>com.ComCate.TestCases.CCP@544fa968</td></tr>
<tr>
<td title='com.ComCate.TestCases.CCP.TC_CCP_51()'><b>TC_CCP_51</b><br>Test class: com.ComCate.TestCases.CCP</td>
<td></td>
<td>0</td>
<td>com.ComCate.TestCases.CCP@544fa968</td></tr>
<tr>
<td title='com.ComCate.TestCases.CCP.TC_CCP_18()'><b>TC_CCP_18</b><br>Test class: com.ComCate.TestCases.CCP</td>
<td></td>
<td>0</td>
<td>com.ComCate.TestCases.CCP@544fa968</td></tr>
<tr>
<td title='com.ComCate.TestCases.CCP.TC_CCP_37()'><b>TC_CCP_37</b><br>Test class: com.ComCate.TestCases.CCP</td>
<td></td>
<td>2</td>
<td>com.ComCate.TestCases.CCP@544fa968</td></tr>
<tr>
<td title='com.ComCate.TestCases.CCP.TC_CCP_21()'><b>TC_CCP_21</b><br>Test class: com.ComCate.TestCases.CCP</td>
<td></td>
<td>0</td>
<td>com.ComCate.TestCases.CCP@544fa968</td></tr>
<tr>
<td title='com.ComCate.TestCases.CCP.TC_CCP_27()'><b>TC_CCP_27</b><br>Test class: com.ComCate.TestCases.CCP</td>
<td></td>
<td>0</td>
<td>com.ComCate.TestCases.CCP@544fa968</td></tr>
<tr>
<td title='com.ComCate.TestCases.CCP.TC_CCP_49()'><b>TC_CCP_49</b><br>Test class: com.ComCate.TestCases.CCP</td>
<td></td>
<td>5</td>
<td>com.ComCate.TestCases.CCP@544fa968</td></tr>
<tr>
<td title='com.ComCate.TestCases.CCP.TC_CCP_43()'><b>TC_CCP_43</b><br>Test class: com.ComCate.TestCases.CCP</td>
<td></td>
<td>0</td>
<td>com.ComCate.TestCases.CCP@544fa968</td></tr>
<tr>
<td title='com.ComCate.TestCases.CCP.TC_CCP_46()'><b>TC_CCP_46</b><br>Test class: com.ComCate.TestCases.CCP</td>
<td></td>
<td>0</td>
<td>com.ComCate.TestCases.CCP@544fa968</td></tr>
<tr>
<td title='com.ComCate.TestCases.CCP.TC_CCP_04()'><b>TC_CCP_04</b><br>Test class: com.ComCate.TestCases.CCP</td>
<td></td>
<td>3</td>
<td>com.ComCate.TestCases.CCP@544fa968</td></tr>
<tr>
<td title='com.ComCate.TestCases.CCP.TC_CCP_40()'><b>TC_CCP_40</b><br>Test class: com.ComCate.TestCases.CCP</td>
<td></td>
<td>9</td>
<td>com.ComCate.TestCases.CCP@544fa968</td></tr>
<tr>
<td title='com.ComCate.TestCases.CCP.TC_CCP_06()'><b>TC_CCP_06</b><br>Test class: com.ComCate.TestCases.CCP</td>
<td></td>
<td>3</td>
<td>com.ComCate.TestCases.CCP@544fa968</td></tr>
<tr>
<td title='com.ComCate.TestCases.CCP.TC_CCP_13()'><b>TC_CCP_13</b><br>Test class: com.ComCate.TestCases.CCP</td>
<td></td>
<td>2</td>
<td>com.ComCate.TestCases.CCP@544fa968</td></tr>
<tr>
<td title='com.ComCate.TestCases.CCP.TC_CCP_55()'><b>TC_CCP_55</b><br>Test class: com.ComCate.TestCases.CCP</td>
<td></td>
<td>3</td>
<td>com.ComCate.TestCases.CCP@544fa968</td></tr>
<tr>
<td title='com.ComCate.TestCases.CCP.TC_CCP_44()'><b>TC_CCP_44</b><br>Test class: com.ComCate.TestCases.CCP</td>
<td></td>
<td>0</td>
<td>com.ComCate.TestCases.CCP@544fa968</td></tr>
<tr>
<td title='com.ComCate.TestCases.CCP.TC_CCP_01()'><b>TC_CCP_01</b><br>Test class: com.ComCate.TestCases.CCP</td>
<td></td>
<td>2</td>
<td>com.ComCate.TestCases.CCP@544fa968</td></tr>
<tr>
<td title='com.ComCate.TestCases.CCP.TC_CCP_48()'><b>TC_CCP_48</b><br>Test class: com.ComCate.TestCases.CCP</td>
<td></td>
<td>2</td>
<td>com.ComCate.TestCases.CCP@544fa968</td></tr>
<tr>
<td title='com.ComCate.TestCases.CCP.TC_CCP_42()'><b>TC_CCP_42</b><br>Test class: com.ComCate.TestCases.CCP</td>
<td></td>
<td>1</td>
<td>com.ComCate.TestCases.CCP@544fa968</td></tr>
<tr>
<td title='com.ComCate.TestCases.CCP.TC_CCP_53()'><b>TC_CCP_53</b><br>Test class: com.ComCate.TestCases.CCP</td>
<td></td>
<td>1</td>
<td>com.ComCate.TestCases.CCP@544fa968</td></tr>
<tr>
<td title='com.ComCate.TestCases.CCP.TC_CCP_03()'><b>TC_CCP_03</b><br>Test class: com.ComCate.TestCases.CCP</td>
<td></td>
<td>4</td>
<td>com.ComCate.TestCases.CCP@544fa968</td></tr>
<tr>
<td title='com.ComCate.TestCases.CCP.TC_CCP_56()'><b>TC_CCP_56</b><br>Test class: com.ComCate.TestCases.CCP</td>
<td></td>
<td>2</td>
<td>com.ComCate.TestCases.CCP@544fa968</td></tr>
<tr>
<td title='com.ComCate.TestCases.CCP.TC_CCP_15()'><b>TC_CCP_15</b><br>Test class: com.ComCate.TestCases.CCP</td>
<td></td>
<td>2</td>
<td>com.ComCate.TestCases.CCP@544fa968</td></tr>
<tr>
<td title='com.ComCate.TestCases.CCP.TC_CCP_20()'><b>TC_CCP_20</b><br>Test class: com.ComCate.TestCases.CCP</td>
<td></td>
<td>0</td>
<td>com.ComCate.TestCases.CCP@544fa968</td></tr>
<tr>
<td title='com.ComCate.TestCases.CCP.PreRequisite()'><b>PreRequisite</b><br>Test class: com.ComCate.TestCases.CCP</td>
<td></td>
<td>9</td>
<td>com.ComCate.TestCases.CCP@544fa968</td></tr>
</table><p>
</body>
</html>