<?xml version="1.0" encoding="UTF-8"?>
<testng-results ignored="2" total="56" passed="48" failed="6" skipped="0">
  <reporter-output>
  </reporter-output>
  <suite started-at="2022-04-06T11:55:09 IST" name="Suite" finished-at="2022-04-06T11:57:48 IST" duration-ms="158917">
    <groups>
    </groups>
    <test started-at="2022-04-06T11:55:09 IST" name="Test" finished-at="2022-04-06T11:57:48 IST" duration-ms="158917">
      <class name="com.ComCate.TestCases.CCP">
        <test-method signature="PreRequisite()[pri:1, instance:com.ComCate.TestCases.CCP@544fa968]" started-at="2022-04-06T11:55:19 IST" name="PreRequisite" finished-at="2022-04-06T11:55:29 IST" duration-ms="9597" status="PASS">
          <reporter-output>
          </reporter-output>
        </test-method> <!-- PreRequisite -->
        <test-method is-config="true" signature="tearDown(org.testng.ITestResult)[pri:0, instance:com.ComCate.TestCases.CCP@544fa968]" started-at="2022-04-06T11:55:29 IST" name="tearDown" finished-at="2022-04-06T11:55:29 IST" duration-ms="0" status="PASS">
          <params>
            <param index="0">
              <value>
                <![CDATA[[TestResult name=PreRequisite status=SUCCESS method=CCP.PreRequisite()[pri:1, instance:com.ComCate.TestCases.CCP@544fa968] output={null}]]]>
              </value>
            </param>
          </params>
          <reporter-output>
          </reporter-output>
        </test-method> <!-- tearDown -->
        <test-method signature="TC_CCP_01()[pri:2, instance:com.ComCate.TestCases.CCP@544fa968]" started-at="2022-04-06T11:55:29 IST" name="TC_CCP_01" finished-at="2022-04-06T11:55:31 IST" duration-ms="2163" status="PASS">
          <reporter-output>
          </reporter-output>
        </test-method> <!-- TC_CCP_01 -->
        <test-method is-config="true" signature="tearDown(org.testng.ITestResult)[pri:0, instance:com.ComCate.TestCases.CCP@544fa968]" started-at="2022-04-06T11:55:31 IST" name="tearDown" finished-at="2022-04-06T11:55:31 IST" duration-ms="0" status="PASS">
          <params>
            <param index="0">
              <value>
                <![CDATA[[TestResult name=TC_CCP_01 status=SUCCESS method=CCP.TC_CCP_01()[pri:2, instance:com.ComCate.TestCases.CCP@544fa968] output={null}]]]>
              </value>
            </param>
          </params>
          <reporter-output>
          </reporter-output>
        </test-method> <!-- tearDown -->
        <test-method signature="TC_CCP_02()[pri:3, instance:com.ComCate.TestCases.CCP@544fa968]" started-at="2022-04-06T11:55:31 IST" name="TC_CCP_02" finished-at="2022-04-06T11:55:31 IST" duration-ms="36" status="PASS">
          <reporter-output>
          </reporter-output>
        </test-method> <!-- TC_CCP_02 -->
        <test-method is-config="true" signature="tearDown(org.testng.ITestResult)[pri:0, instance:com.ComCate.TestCases.CCP@544fa968]" started-at="2022-04-06T11:55:31 IST" name="tearDown" finished-at="2022-04-06T11:55:31 IST" duration-ms="0" status="PASS">
          <params>
            <param index="0">
              <value>
                <![CDATA[[TestResult name=TC_CCP_02 status=SUCCESS method=CCP.TC_CCP_02()[pri:3, instance:com.ComCate.TestCases.CCP@544fa968] output={null}]]]>
              </value>
            </param>
          </params>
          <reporter-output>
          </reporter-output>
        </test-method> <!-- tearDown -->
        <test-method signature="TC_CCP_03()[pri:4, instance:com.ComCate.TestCases.CCP@544fa968]" started-at="2022-04-06T11:55:31 IST" name="TC_CCP_03" finished-at="2022-04-06T11:55:35 IST" duration-ms="4347" status="PASS">
          <reporter-output>
          </reporter-output>
        </test-method> <!-- TC_CCP_03 -->
        <test-method is-config="true" signature="tearDown(org.testng.ITestResult)[pri:0, instance:com.ComCate.TestCases.CCP@544fa968]" started-at="2022-04-06T11:55:35 IST" name="tearDown" finished-at="2022-04-06T11:55:35 IST" duration-ms="0" status="PASS">
          <params>
            <param index="0">
              <value>
                <![CDATA[[TestResult name=TC_CCP_03 status=SUCCESS method=CCP.TC_CCP_03()[pri:4, instance:com.ComCate.TestCases.CCP@544fa968] output={null}]]]>
              </value>
            </param>
          </params>
          <reporter-output>
          </reporter-output>
        </test-method> <!-- tearDown -->
        <test-method signature="TC_CCP_04()[pri:5, instance:com.ComCate.TestCases.CCP@544fa968]" started-at="2022-04-06T11:55:35 IST" name="TC_CCP_04" finished-at="2022-04-06T11:55:38 IST" duration-ms="3014" status="PASS">
          <reporter-output>
          </reporter-output>
        </test-method> <!-- TC_CCP_04 -->
        <test-method is-config="true" signature="tearDown(org.testng.ITestResult)[pri:0, instance:com.ComCate.TestCases.CCP@544fa968]" started-at="2022-04-06T11:55:38 IST" name="tearDown" finished-at="2022-04-06T11:55:38 IST" duration-ms="1" status="PASS">
          <params>
            <param index="0">
              <value>
                <![CDATA[[TestResult name=TC_CCP_04 status=SUCCESS method=CCP.TC_CCP_04()[pri:5, instance:com.ComCate.TestCases.CCP@544fa968] output={null}]]]>
              </value>
            </param>
          </params>
          <reporter-output>
          </reporter-output>
        </test-method> <!-- tearDown -->
        <test-method signature="TC_CCP_06()[pri:7, instance:com.ComCate.TestCases.CCP@544fa968]" started-at="2022-04-06T11:55:38 IST" name="TC_CCP_06" finished-at="2022-04-06T11:55:42 IST" duration-ms="3267" status="PASS">
          <reporter-output>
          </reporter-output>
        </test-method> <!-- TC_CCP_06 -->
        <test-method is-config="true" signature="tearDown(org.testng.ITestResult)[pri:0, instance:com.ComCate.TestCases.CCP@544fa968]" started-at="2022-04-06T11:55:42 IST" name="tearDown" finished-at="2022-04-06T11:55:42 IST" duration-ms="1" status="PASS">
          <params>
            <param index="0">
              <value>
                <![CDATA[[TestResult name=TC_CCP_06 status=SUCCESS method=CCP.TC_CCP_06()[pri:7, instance:com.ComCate.TestCases.CCP@544fa968] output={null}]]]>
              </value>
            </param>
          </params>
          <reporter-output>
          </reporter-output>
        </test-method> <!-- tearDown -->
        <test-method signature="TC_CCP_07()[pri:8, instance:com.ComCate.TestCases.CCP@544fa968]" started-at="2022-04-06T11:55:42 IST" name="TC_CCP_07" finished-at="2022-04-06T11:55:44 IST" duration-ms="2150" status="PASS">
          <reporter-output>
          </reporter-output>
        </test-method> <!-- TC_CCP_07 -->
        <test-method is-config="true" signature="tearDown(org.testng.ITestResult)[pri:0, instance:com.ComCate.TestCases.CCP@544fa968]" started-at="2022-04-06T11:55:44 IST" name="tearDown" finished-at="2022-04-06T11:55:44 IST" duration-ms="1" status="PASS">
          <params>
            <param index="0">
              <value>
                <![CDATA[[TestResult name=TC_CCP_07 status=SUCCESS method=CCP.TC_CCP_07()[pri:8, instance:com.ComCate.TestCases.CCP@544fa968] output={null}]]]>
              </value>
            </param>
          </params>
          <reporter-output>
          </reporter-output>
        </test-method> <!-- tearDown -->
        <test-method signature="TC_CCP_08()[pri:9, instance:com.ComCate.TestCases.CCP@544fa968]" started-at="2022-04-06T11:55:44 IST" name="TC_CCP_08" finished-at="2022-04-06T11:55:44 IST" duration-ms="273" status="PASS">
          <reporter-output>
          </reporter-output>
        </test-method> <!-- TC_CCP_08 -->
        <test-method is-config="true" signature="tearDown(org.testng.ITestResult)[pri:0, instance:com.ComCate.TestCases.CCP@544fa968]" started-at="2022-04-06T11:55:44 IST" name="tearDown" finished-at="2022-04-06T11:55:44 IST" duration-ms="0" status="PASS">
          <params>
            <param index="0">
              <value>
                <![CDATA[[TestResult name=TC_CCP_08 status=SUCCESS method=CCP.TC_CCP_08()[pri:9, instance:com.ComCate.TestCases.CCP@544fa968] output={null}]]]>
              </value>
            </param>
          </params>
          <reporter-output>
          </reporter-output>
        </test-method> <!-- tearDown -->
        <test-method signature="TC_CCP_09()[pri:10, instance:com.ComCate.TestCases.CCP@544fa968]" started-at="2022-04-06T11:55:44 IST" name="TC_CCP_09" finished-at="2022-04-06T11:55:45 IST" duration-ms="1533" status="PASS">
          <reporter-output>
          </reporter-output>
        </test-method> <!-- TC_CCP_09 -->
        <test-method signature="TC_CCP_10()[pri:11, instance:com.ComCate.TestCases.CCP@544fa968]" started-at="2022-04-06T11:55:45 IST" name="TC_CCP_10" finished-at="2022-04-06T11:55:48 IST" duration-ms="2111" status="FAIL">
          <exception class="org.openqa.selenium.WebDriverException">
            <message>
              <![CDATA[element click intercepted: Element <button type="button" class="edit-btn  btn btn-default"></button> is not clickable at point (1460, 228). Other element would receive the click: <div style="position: fixed; inset: 0px; z-index: 99999; background-color: rgb(255, 255, 255);">...</div>
  (Session info: chrome=99.0.4844.84)
Build info: version: '3.5.3', revision: 'a88d25fe6b', time: '2017-08-29T12:42:44.417Z'
System info: host: 'sqe-IdeaPad-5-15ITL05', ip: '127.0.1.1', os.name: 'Linux', os.arch: 'amd64', os.version: '5.13.0-37-generic', java.version: '11.0.14'
Driver info: org.openqa.selenium.chrome.ChromeDriver
Capabilities [{networkConnectionEnabled=false, chrome={chromedriverVersion=99.0.4844.51 (d537ec02474b5afe23684e7963d538896c63ac77-refs/branch-heads/4844@{#875}), userDataDir=/tmp/.com.google.Chrome.dfDTcS}, timeouts={implicit=0, pageLoad=300000, script=30000}, pageLoadStrategy=normal, unhandledPromptBehavior=dismiss and notify, strictFileInteractability=false, platform=LINUX, proxy=Proxy(), goog:chromeOptions={debuggerAddress=localhost:36103}, webauthn:extension:credBlob=true, acceptInsecureCerts=false, browserVersion=99.0.4844.84, browserName=chrome, javascriptEnabled=true, platformName=LINUX, setWindowRect=true, webauthn:extension:largeBlob=true, webauthn:virtualAuthenticators=true}]
Session ID: bf336c881676eba0d019e1886ecbcac6]]>
            </message>
            <full-stacktrace>
              <![CDATA[org.openqa.selenium.WebDriverException: element click intercepted: Element <button type="button" class="edit-btn  btn btn-default"></button> is not clickable at point (1460, 228). Other element would receive the click: <div style="position: fixed; inset: 0px; z-index: 99999; background-color: rgb(255, 255, 255);">...</div>
  (Session info: chrome=99.0.4844.84)
Build info: version: '3.5.3', revision: 'a88d25fe6b', time: '2017-08-29T12:42:44.417Z'
System info: host: 'sqe-IdeaPad-5-15ITL05', ip: '127.0.1.1', os.name: 'Linux', os.arch: 'amd64', os.version: '5.13.0-37-generic', java.version: '11.0.14'
Driver info: org.openqa.selenium.chrome.ChromeDriver
Capabilities [{networkConnectionEnabled=false, chrome={chromedriverVersion=99.0.4844.51 (d537ec02474b5afe23684e7963d538896c63ac77-refs/branch-heads/4844@{#875}), userDataDir=/tmp/.com.google.Chrome.dfDTcS}, timeouts={implicit=0, pageLoad=300000, script=30000}, pageLoadStrategy=normal, unhandledPromptBehavior=dismiss and notify, strictFileInteractability=false, platform=LINUX, proxy=Proxy(), goog:chromeOptions={debuggerAddress=localhost:36103}, webauthn:extension:credBlob=true, acceptInsecureCerts=false, browserVersion=99.0.4844.84, browserName=chrome, javascriptEnabled=true, platformName=LINUX, setWindowRect=true, webauthn:extension:largeBlob=true, webauthn:virtualAuthenticators=true}]
Session ID: bf336c881676eba0d019e1886ecbcac6
at java.base/jdk.internal.reflect.NativeConstructorAccessorImpl.newInstance0(Native Method)
at java.base/jdk.internal.reflect.NativeConstructorAccessorImpl.newInstance(NativeConstructorAccessorImpl.java:62)
at java.base/jdk.internal.reflect.DelegatingConstructorAccessorImpl.newInstance(DelegatingConstructorAccessorImpl.java:45)
at java.base/java.lang.reflect.Constructor.newInstance(Constructor.java:490)
at org.openqa.selenium.remote.http.W3CHttpResponseCodec.createException(W3CHttpResponseCodec.java:185)
at org.openqa.selenium.remote.http.W3CHttpResponseCodec.decode(W3CHttpResponseCodec.java:120)
at org.openqa.selenium.remote.http.W3CHttpResponseCodec.decode(W3CHttpResponseCodec.java:49)
at org.openqa.selenium.remote.HttpCommandExecutor.execute(HttpCommandExecutor.java:164)
at org.openqa.selenium.remote.service.DriverCommandExecutor.execute(DriverCommandExecutor.java:82)
at org.openqa.selenium.remote.RemoteWebDriver.execute(RemoteWebDriver.java:646)
at org.openqa.selenium.remote.RemoteWebElement.execute(RemoteWebElement.java:275)
at org.openqa.selenium.remote.RemoteWebElement.click(RemoteWebElement.java:82)
at com.ComCate.CommonMethods.WebDriverWaits.ClickOn(WebDriverWaits.java:37)
at com.ComCate.TestCases.CCP.TC_CCP_10(CCP.java:333)
at java.base/jdk.internal.reflect.NativeMethodAccessorImpl.invoke0(Native Method)
at java.base/jdk.internal.reflect.NativeMethodAccessorImpl.invoke(NativeMethodAccessorImpl.java:62)
at java.base/jdk.internal.reflect.DelegatingMethodAccessorImpl.invoke(DelegatingMethodAccessorImpl.java:43)
at java.base/java.lang.reflect.Method.invoke(Method.java:566)
at org.testng.internal.MethodInvocationHelper.invokeMethod(MethodInvocationHelper.java:133)
at org.testng.internal.TestInvoker.invokeMethod(TestInvoker.java:598)
at org.testng.internal.TestInvoker.invokeTestMethod(TestInvoker.java:173)
at org.testng.internal.MethodRunner.runInSequence(MethodRunner.java:46)
at org.testng.internal.TestInvoker$MethodInvocationAgent.invoke(TestInvoker.java:824)
at org.testng.internal.TestInvoker.invokeTestMethods(TestInvoker.java:146)
at org.testng.internal.TestMethodWorker.invokeTestMethods(TestMethodWorker.java:146)
at org.testng.internal.TestMethodWorker.run(TestMethodWorker.java:128)
at java.base/java.util.ArrayList.forEach(ArrayList.java:1541)
at org.testng.TestRunner.privateRun(TestRunner.java:794)
at org.testng.TestRunner.run(TestRunner.java:596)
at org.testng.SuiteRunner.runTest(SuiteRunner.java:377)
at org.testng.SuiteRunner.runSequentially(SuiteRunner.java:371)
at org.testng.SuiteRunner.privateRun(SuiteRunner.java:332)
at org.testng.SuiteRunner.run(SuiteRunner.java:276)
at org.testng.SuiteRunnerWorker.runSuite(SuiteRunnerWorker.java:53)
at org.testng.SuiteRunnerWorker.run(SuiteRunnerWorker.java:96)
at org.testng.TestNG.runSuitesSequentially(TestNG.java:1212)
at org.testng.TestNG.runSuitesLocally(TestNG.java:1134)
at org.testng.TestNG.runSuites(TestNG.java:1063)
at org.testng.TestNG.run(TestNG.java:1031)
at org.testng.remote.AbstractRemoteTestNG.run(AbstractRemoteTestNG.java:115)
at org.testng.remote.RemoteTestNG.initAndRun(RemoteTestNG.java:251)
at org.testng.remote.RemoteTestNG.main(RemoteTestNG.java:77)
]]>
            </full-stacktrace>
          </exception> <!-- org.openqa.selenium.WebDriverException -->
          <reporter-output>
          </reporter-output>
        </test-method> <!-- TC_CCP_10 -->
        <test-method is-config="true" signature="tearDown(org.testng.ITestResult)[pri:0, instance:com.ComCate.TestCases.CCP@544fa968]" started-at="2022-04-06T11:55:45 IST" name="tearDown" finished-at="2022-04-06T11:55:45 IST" duration-ms="0" status="PASS">
          <params>
            <param index="0">
              <value>
                <![CDATA[[TestResult name=TC_CCP_09 status=SUCCESS method=CCP.TC_CCP_09()[pri:10, instance:com.ComCate.TestCases.CCP@544fa968] output={null}]]]>
              </value>
            </param>
          </params>
          <reporter-output>
          </reporter-output>
        </test-method> <!-- tearDown -->
        <test-method is-config="true" signature="tearDown(org.testng.ITestResult)[pri:0, instance:com.ComCate.TestCases.CCP@544fa968]" started-at="2022-04-06T11:55:48 IST" name="tearDown" finished-at="2022-04-06T11:55:48 IST" duration-ms="124" status="PASS">
          <params>
            <param index="0">
              <value>
                <![CDATA[[TestResult name=TC_CCP_10 status=FAILURE method=CCP.TC_CCP_10()[pri:11, instance:com.ComCate.TestCases.CCP@544fa968] output={null}]]]>
              </value>
            </param>
          </params>
          <reporter-output>
          </reporter-output>
        </test-method> <!-- tearDown -->
        <test-method signature="TC_CCP_11()[pri:12, instance:com.ComCate.TestCases.CCP@544fa968]" started-at="2022-04-06T11:55:48 IST" name="TC_CCP_11" finished-at="2022-04-06T11:56:08 IST" duration-ms="20118" status="FAIL">
          <exception class="org.openqa.selenium.TimeoutException">
            <message>
              <![CDATA[Expected condition failed: waiting for element to be clickable: By.xpath: //div[@class='edit-address__header']/child::div/button[2] (tried for 20 second(s) with 500 MILLISECONDS interval)]]>
            </message>
            <full-stacktrace>
              <![CDATA[org.openqa.selenium.TimeoutException: Expected condition failed: waiting for element to be clickable: By.xpath: //div[@class='edit-address__header']/child::div/button[2] (tried for 20 second(s) with 500 MILLISECONDS interval)
at org.openqa.selenium.support.ui.WebDriverWait.timeoutException(WebDriverWait.java:80)
at org.openqa.selenium.support.ui.FluentWait.until(FluentWait.java:232)
at com.ComCate.CommonMethods.WebDriverWaits.ClickOn(WebDriverWaits.java:35)
at com.ComCate.TestCases.CCP.TC_CCP_11(CCP.java:362)
at java.base/jdk.internal.reflect.NativeMethodAccessorImpl.invoke0(Native Method)
at java.base/jdk.internal.reflect.NativeMethodAccessorImpl.invoke(NativeMethodAccessorImpl.java:62)
at java.base/jdk.internal.reflect.DelegatingMethodAccessorImpl.invoke(DelegatingMethodAccessorImpl.java:43)
at java.base/java.lang.reflect.Method.invoke(Method.java:566)
at org.testng.internal.MethodInvocationHelper.invokeMethod(MethodInvocationHelper.java:133)
at org.testng.internal.TestInvoker.invokeMethod(TestInvoker.java:598)
at org.testng.internal.TestInvoker.invokeTestMethod(TestInvoker.java:173)
at org.testng.internal.MethodRunner.runInSequence(MethodRunner.java:46)
at org.testng.internal.TestInvoker$MethodInvocationAgent.invoke(TestInvoker.java:824)
at org.testng.internal.TestInvoker.invokeTestMethods(TestInvoker.java:146)
at org.testng.internal.TestMethodWorker.invokeTestMethods(TestMethodWorker.java:146)
at org.testng.internal.TestMethodWorker.run(TestMethodWorker.java:128)
at java.base/java.util.ArrayList.forEach(ArrayList.java:1541)
at org.testng.TestRunner.privateRun(TestRunner.java:794)
at org.testng.TestRunner.run(TestRunner.java:596)
at org.testng.SuiteRunner.runTest(SuiteRunner.java:377)
at org.testng.SuiteRunner.runSequentially(SuiteRunner.java:371)
at org.testng.SuiteRunner.privateRun(SuiteRunner.java:332)
at org.testng.SuiteRunner.run(SuiteRunner.java:276)
at org.testng.SuiteRunnerWorker.runSuite(SuiteRunnerWorker.java:53)
at org.testng.SuiteRunnerWorker.run(SuiteRunnerWorker.java:96)
at org.testng.TestNG.runSuitesSequentially(TestNG.java:1212)
at org.testng.TestNG.runSuitesLocally(TestNG.java:1134)
at org.testng.TestNG.runSuites(TestNG.java:1063)
at org.testng.TestNG.run(TestNG.java:1031)
at org.testng.remote.AbstractRemoteTestNG.run(AbstractRemoteTestNG.java:115)
at org.testng.remote.RemoteTestNG.initAndRun(RemoteTestNG.java:251)
at org.testng.remote.RemoteTestNG.main(RemoteTestNG.java:77)
Caused by: org.openqa.selenium.NoSuchElementException: Cannot locate an element using By.xpath: //div[@class='edit-address__header']/child::div/button[2]
For documentation on this error, please visit: http://seleniumhq.org/exceptions/no_such_element.html
Build info: version: '3.5.3', revision: 'a88d25fe6b', time: '2017-08-29T12:42:44.417Z'
System info: host: 'sqe-IdeaPad-5-15ITL05', ip: '127.0.1.1', os.name: 'Linux', os.arch: 'amd64', os.version: '5.13.0-37-generic', java.version: '11.0.14'
Driver info: driver.version: unknown
at org.openqa.selenium.support.ui.ExpectedConditions.lambda$findElement$0(ExpectedConditions.java:883)
at java.base/java.util.Optional.orElseThrow(Optional.java:408)
at org.openqa.selenium.support.ui.ExpectedConditions.findElement(ExpectedConditions.java:882)
at org.openqa.selenium.support.ui.ExpectedConditions.access$000(ExpectedConditions.java:44)
at org.openqa.selenium.support.ui.ExpectedConditions$7.apply(ExpectedConditions.java:206)
at org.openqa.selenium.support.ui.ExpectedConditions$7.apply(ExpectedConditions.java:202)
at org.openqa.selenium.support.ui.ExpectedConditions$22.apply(ExpectedConditions.java:644)
at org.openqa.selenium.support.ui.ExpectedConditions$22.apply(ExpectedConditions.java:641)
at org.openqa.selenium.support.ui.FluentWait.until(FluentWait.java:209)
... 30 more
]]>
            </full-stacktrace>
          </exception> <!-- org.openqa.selenium.TimeoutException -->
          <reporter-output>
          </reporter-output>
        </test-method> <!-- TC_CCP_11 -->
        <test-method is-config="true" signature="tearDown(org.testng.ITestResult)[pri:0, instance:com.ComCate.TestCases.CCP@544fa968]" started-at="2022-04-06T11:56:08 IST" name="tearDown" finished-at="2022-04-06T11:56:08 IST" duration-ms="147" status="PASS">
          <params>
            <param index="0">
              <value>
                <![CDATA[[TestResult name=TC_CCP_11 status=FAILURE method=CCP.TC_CCP_11()[pri:12, instance:com.ComCate.TestCases.CCP@544fa968] output={null}]]]>
              </value>
            </param>
          </params>
          <reporter-output>
          </reporter-output>
        </test-method> <!-- tearDown -->
        <test-method signature="TC_CCP_12()[pri:13, instance:com.ComCate.TestCases.CCP@544fa968]" started-at="2022-04-06T11:56:08 IST" name="TC_CCP_12" finished-at="2022-04-06T11:56:09 IST" duration-ms="1286" status="FAIL">
          <exception class="java.lang.AssertionError">
            <message>
              <![CDATA[expected [Manual Street] but found [New Street]]]>
            </message>
            <full-stacktrace>
              <![CDATA[java.lang.AssertionError: expected [Manual Street] but found [New Street]
at org.testng.Assert.fail(Assert.java:99)
at org.testng.Assert.failNotEquals(Assert.java:1037)
at org.testng.Assert.assertEqualsImpl(Assert.java:140)
at org.testng.Assert.assertEquals(Assert.java:122)
at org.testng.Assert.assertEquals(Assert.java:629)
at org.testng.Assert.assertEquals(Assert.java:639)
at com.ComCate.TestCases.CCP.TC_CCP_12(CCP.java:386)
at java.base/jdk.internal.reflect.NativeMethodAccessorImpl.invoke0(Native Method)
at java.base/jdk.internal.reflect.NativeMethodAccessorImpl.invoke(NativeMethodAccessorImpl.java:62)
at java.base/jdk.internal.reflect.DelegatingMethodAccessorImpl.invoke(DelegatingMethodAccessorImpl.java:43)
at java.base/java.lang.reflect.Method.invoke(Method.java:566)
at org.testng.internal.MethodInvocationHelper.invokeMethod(MethodInvocationHelper.java:133)
at org.testng.internal.TestInvoker.invokeMethod(TestInvoker.java:598)
at org.testng.internal.TestInvoker.invokeTestMethod(TestInvoker.java:173)
at org.testng.internal.MethodRunner.runInSequence(MethodRunner.java:46)
at org.testng.internal.TestInvoker$MethodInvocationAgent.invoke(TestInvoker.java:824)
at org.testng.internal.TestInvoker.invokeTestMethods(TestInvoker.java:146)
at org.testng.internal.TestMethodWorker.invokeTestMethods(TestMethodWorker.java:146)
at org.testng.internal.TestMethodWorker.run(TestMethodWorker.java:128)
at java.base/java.util.ArrayList.forEach(ArrayList.java:1541)
at org.testng.TestRunner.privateRun(TestRunner.java:794)
at org.testng.TestRunner.run(TestRunner.java:596)
at org.testng.SuiteRunner.runTest(SuiteRunner.java:377)
at org.testng.SuiteRunner.runSequentially(SuiteRunner.java:371)
at org.testng.SuiteRunner.privateRun(SuiteRunner.java:332)
at org.testng.SuiteRunner.run(SuiteRunner.java:276)
at org.testng.SuiteRunnerWorker.runSuite(SuiteRunnerWorker.java:53)
at org.testng.SuiteRunnerWorker.run(SuiteRunnerWorker.java:96)
at org.testng.TestNG.runSuitesSequentially(TestNG.java:1212)
at org.testng.TestNG.runSuitesLocally(TestNG.java:1134)
at org.testng.TestNG.runSuites(TestNG.java:1063)
at org.testng.TestNG.run(TestNG.java:1031)
at org.testng.remote.AbstractRemoteTestNG.run(AbstractRemoteTestNG.java:115)
at org.testng.remote.RemoteTestNG.initAndRun(RemoteTestNG.java:251)
at org.testng.remote.RemoteTestNG.main(RemoteTestNG.java:77)
]]>
            </full-stacktrace>
          </exception> <!-- java.lang.AssertionError -->
          <reporter-output>
          </reporter-output>
        </test-method> <!-- TC_CCP_12 -->
        <test-method is-config="true" signature="tearDown(org.testng.ITestResult)[pri:0, instance:com.ComCate.TestCases.CCP@544fa968]" started-at="2022-04-06T11:56:09 IST" name="tearDown" finished-at="2022-04-06T11:56:09 IST" duration-ms="122" status="PASS">
          <params>
            <param index="0">
              <value>
                <![CDATA[[TestResult name=TC_CCP_12 status=FAILURE method=CCP.TC_CCP_12()[pri:13, instance:com.ComCate.TestCases.CCP@544fa968] output={null}]]]>
              </value>
            </param>
          </params>
          <reporter-output>
          </reporter-output>
        </test-method> <!-- tearDown -->
        <test-method signature="TC_CCP_13()[pri:14, instance:com.ComCate.TestCases.CCP@544fa968]" started-at="2022-04-06T11:56:09 IST" name="TC_CCP_13" finished-at="2022-04-06T11:56:12 IST" duration-ms="2522" status="PASS">
          <reporter-output>
          </reporter-output>
        </test-method> <!-- TC_CCP_13 -->
        <test-method is-config="true" signature="tearDown(org.testng.ITestResult)[pri:0, instance:com.ComCate.TestCases.CCP@544fa968]" started-at="2022-04-06T11:56:12 IST" name="tearDown" finished-at="2022-04-06T11:56:12 IST" duration-ms="1" status="PASS">
          <params>
            <param index="0">
              <value>
                <![CDATA[[TestResult name=TC_CCP_13 status=SUCCESS method=CCP.TC_CCP_13()[pri:14, instance:com.ComCate.TestCases.CCP@544fa968] output={null}]]]>
              </value>
            </param>
          </params>
          <reporter-output>
          </reporter-output>
        </test-method> <!-- tearDown -->
        <test-method signature="TC_CCP_14()[pri:15, instance:com.ComCate.TestCases.CCP@544fa968]" started-at="2022-04-06T11:56:12 IST" name="TC_CCP_14" finished-at="2022-04-06T11:56:13 IST" duration-ms="1114" status="PASS">
          <reporter-output>
          </reporter-output>
        </test-method> <!-- TC_CCP_14 -->
        <test-method is-config="true" signature="tearDown(org.testng.ITestResult)[pri:0, instance:com.ComCate.TestCases.CCP@544fa968]" started-at="2022-04-06T11:56:13 IST" name="tearDown" finished-at="2022-04-06T11:56:13 IST" duration-ms="1" status="PASS">
          <params>
            <param index="0">
              <value>
                <![CDATA[[TestResult name=TC_CCP_14 status=SUCCESS method=CCP.TC_CCP_14()[pri:15, instance:com.ComCate.TestCases.CCP@544fa968] output={null}]]]>
              </value>
            </param>
          </params>
          <reporter-output>
          </reporter-output>
        </test-method> <!-- tearDown -->
        <test-method signature="TC_CCP_15()[pri:16, instance:com.ComCate.TestCases.CCP@544fa968]" started-at="2022-04-06T11:56:13 IST" name="TC_CCP_15" finished-at="2022-04-06T11:56:15 IST" duration-ms="2270" status="PASS">
          <reporter-output>
          </reporter-output>
        </test-method> <!-- TC_CCP_15 -->
        <test-method is-config="true" signature="tearDown(org.testng.ITestResult)[pri:0, instance:com.ComCate.TestCases.CCP@544fa968]" started-at="2022-04-06T11:56:15 IST" name="tearDown" finished-at="2022-04-06T11:56:15 IST" duration-ms="1" status="PASS">
          <params>
            <param index="0">
              <value>
                <![CDATA[[TestResult name=TC_CCP_15 status=SUCCESS method=CCP.TC_CCP_15()[pri:16, instance:com.ComCate.TestCases.CCP@544fa968] output={null}]]]>
              </value>
            </param>
          </params>
          <reporter-output>
          </reporter-output>
        </test-method> <!-- tearDown -->
        <test-method signature="TC_CCP_16()[pri:17, instance:com.ComCate.TestCases.CCP@544fa968]" started-at="2022-04-06T11:56:15 IST" name="TC_CCP_16" finished-at="2022-04-06T11:56:15 IST" duration-ms="147" status="PASS">
          <reporter-output>
          </reporter-output>
        </test-method> <!-- TC_CCP_16 -->
        <test-method is-config="true" signature="tearDown(org.testng.ITestResult)[pri:0, instance:com.ComCate.TestCases.CCP@544fa968]" started-at="2022-04-06T11:56:15 IST" name="tearDown" finished-at="2022-04-06T11:56:15 IST" duration-ms="0" status="PASS">
          <params>
            <param index="0">
              <value>
                <![CDATA[[TestResult name=TC_CCP_16 status=SUCCESS method=CCP.TC_CCP_16()[pri:17, instance:com.ComCate.TestCases.CCP@544fa968] output={null}]]]>
              </value>
            </param>
          </params>
          <reporter-output>
          </reporter-output>
        </test-method> <!-- tearDown -->
        <test-method signature="TC_CCP_17()[pri:18, instance:com.ComCate.TestCases.CCP@544fa968]" started-at="2022-04-06T11:56:15 IST" name="TC_CCP_17" finished-at="2022-04-06T11:56:17 IST" duration-ms="1067" status="PASS">
          <reporter-output>
          </reporter-output>
        </test-method> <!-- TC_CCP_17 -->
        <test-method is-config="true" signature="tearDown(org.testng.ITestResult)[pri:0, instance:com.ComCate.TestCases.CCP@544fa968]" started-at="2022-04-06T11:56:17 IST" name="tearDown" finished-at="2022-04-06T11:56:17 IST" duration-ms="1" status="PASS">
          <params>
            <param index="0">
              <value>
                <![CDATA[[TestResult name=TC_CCP_17 status=SUCCESS method=CCP.TC_CCP_17()[pri:18, instance:com.ComCate.TestCases.CCP@544fa968] output={null}]]]>
              </value>
            </param>
          </params>
          <reporter-output>
          </reporter-output>
        </test-method> <!-- tearDown -->
        <test-method signature="TC_CCP_18()[pri:19, instance:com.ComCate.TestCases.CCP@544fa968]" started-at="2022-04-06T11:56:17 IST" name="TC_CCP_18" finished-at="2022-04-06T11:56:17 IST" duration-ms="86" status="PASS">
          <reporter-output>
          </reporter-output>
        </test-method> <!-- TC_CCP_18 -->
        <test-method signature="TC_CCP_19()[pri:20, instance:com.ComCate.TestCases.CCP@544fa968]" started-at="2022-04-06T11:56:17 IST" name="TC_CCP_19" finished-at="2022-04-06T11:56:17 IST" duration-ms="135" status="PASS">
          <reporter-output>
          </reporter-output>
        </test-method> <!-- TC_CCP_19 -->
        <test-method is-config="true" signature="tearDown(org.testng.ITestResult)[pri:0, instance:com.ComCate.TestCases.CCP@544fa968]" started-at="2022-04-06T11:56:17 IST" name="tearDown" finished-at="2022-04-06T11:56:17 IST" duration-ms="0" status="PASS">
          <params>
            <param index="0">
              <value>
                <![CDATA[[TestResult name=TC_CCP_18 status=SUCCESS method=CCP.TC_CCP_18()[pri:19, instance:com.ComCate.TestCases.CCP@544fa968] output={null}]]]>
              </value>
            </param>
          </params>
          <reporter-output>
          </reporter-output>
        </test-method> <!-- tearDown -->
        <test-method is-config="true" signature="tearDown(org.testng.ITestResult)[pri:0, instance:com.ComCate.TestCases.CCP@544fa968]" started-at="2022-04-06T11:56:17 IST" name="tearDown" finished-at="2022-04-06T11:56:17 IST" duration-ms="1" status="PASS">
          <params>
            <param index="0">
              <value>
                <![CDATA[[TestResult name=TC_CCP_19 status=SUCCESS method=CCP.TC_CCP_19()[pri:20, instance:com.ComCate.TestCases.CCP@544fa968] output={null}]]]>
              </value>
            </param>
          </params>
          <reporter-output>
          </reporter-output>
        </test-method> <!-- tearDown -->
        <test-method signature="TC_CCP_20()[pri:21, instance:com.ComCate.TestCases.CCP@544fa968]" started-at="2022-04-06T11:56:17 IST" name="TC_CCP_20" finished-at="2022-04-06T11:56:17 IST" duration-ms="107" status="PASS">
          <reporter-output>
          </reporter-output>
        </test-method> <!-- TC_CCP_20 -->
        <test-method is-config="true" signature="tearDown(org.testng.ITestResult)[pri:0, instance:com.ComCate.TestCases.CCP@544fa968]" started-at="2022-04-06T11:56:17 IST" name="tearDown" finished-at="2022-04-06T11:56:17 IST" duration-ms="0" status="PASS">
          <params>
            <param index="0">
              <value>
                <![CDATA[[TestResult name=TC_CCP_20 status=SUCCESS method=CCP.TC_CCP_20()[pri:21, instance:com.ComCate.TestCases.CCP@544fa968] output={null}]]]>
              </value>
            </param>
          </params>
          <reporter-output>
          </reporter-output>
        </test-method> <!-- tearDown -->
        <test-method signature="TC_CCP_21()[pri:22, instance:com.ComCate.TestCases.CCP@544fa968]" started-at="2022-04-06T11:56:17 IST" name="TC_CCP_21" finished-at="2022-04-06T11:56:17 IST" duration-ms="250" status="PASS">
          <reporter-output>
          </reporter-output>
        </test-method> <!-- TC_CCP_21 -->
        <test-method is-config="true" signature="tearDown(org.testng.ITestResult)[pri:0, instance:com.ComCate.TestCases.CCP@544fa968]" started-at="2022-04-06T11:56:17 IST" name="tearDown" finished-at="2022-04-06T11:56:17 IST" duration-ms="1" status="PASS">
          <params>
            <param index="0">
              <value>
                <![CDATA[[TestResult name=TC_CCP_21 status=SUCCESS method=CCP.TC_CCP_21()[pri:22, instance:com.ComCate.TestCases.CCP@544fa968] output={null}]]]>
              </value>
            </param>
          </params>
          <reporter-output>
          </reporter-output>
        </test-method> <!-- tearDown -->
        <test-method signature="TC_CCP_22()[pri:23, instance:com.ComCate.TestCases.CCP@544fa968]" started-at="2022-04-06T11:56:17 IST" name="TC_CCP_22" finished-at="2022-04-06T11:56:17 IST" duration-ms="237" status="PASS">
          <reporter-output>
          </reporter-output>
        </test-method> <!-- TC_CCP_22 -->
        <test-method is-config="true" signature="tearDown(org.testng.ITestResult)[pri:0, instance:com.ComCate.TestCases.CCP@544fa968]" started-at="2022-04-06T11:56:17 IST" name="tearDown" finished-at="2022-04-06T11:56:17 IST" duration-ms="0" status="PASS">
          <params>
            <param index="0">
              <value>
                <![CDATA[[TestResult name=TC_CCP_22 status=SUCCESS method=CCP.TC_CCP_22()[pri:23, instance:com.ComCate.TestCases.CCP@544fa968] output={null}]]]>
              </value>
            </param>
          </params>
          <reporter-output>
          </reporter-output>
        </test-method> <!-- tearDown -->
        <test-method signature="TC_CCP_23()[pri:24, instance:com.ComCate.TestCases.CCP@544fa968]" started-at="2022-04-06T11:56:17 IST" name="TC_CCP_23" finished-at="2022-04-06T11:56:18 IST" duration-ms="179" status="PASS">
          <reporter-output>
          </reporter-output>
        </test-method> <!-- TC_CCP_23 -->
        <test-method signature="TC_CCP_24()[pri:25, instance:com.ComCate.TestCases.CCP@544fa968]" started-at="2022-04-06T11:56:18 IST" name="TC_CCP_24" finished-at="2022-04-06T11:56:18 IST" duration-ms="95" status="PASS">
          <reporter-output>
          </reporter-output>
        </test-method> <!-- TC_CCP_24 -->
        <test-method is-config="true" signature="tearDown(org.testng.ITestResult)[pri:0, instance:com.ComCate.TestCases.CCP@544fa968]" started-at="2022-04-06T11:56:18 IST" name="tearDown" finished-at="2022-04-06T11:56:18 IST" duration-ms="0" status="PASS">
          <params>
            <param index="0">
              <value>
                <![CDATA[[TestResult name=TC_CCP_23 status=SUCCESS method=CCP.TC_CCP_23()[pri:24, instance:com.ComCate.TestCases.CCP@544fa968] output={null}]]]>
              </value>
            </param>
          </params>
          <reporter-output>
          </reporter-output>
        </test-method> <!-- tearDown -->
        <test-method is-config="true" signature="tearDown(org.testng.ITestResult)[pri:0, instance:com.ComCate.TestCases.CCP@544fa968]" started-at="2022-04-06T11:56:18 IST" name="tearDown" finished-at="2022-04-06T11:56:18 IST" duration-ms="1" status="PASS">
          <params>
            <param index="0">
              <value>
                <![CDATA[[TestResult name=TC_CCP_24 status=SUCCESS method=CCP.TC_CCP_24()[pri:25, instance:com.ComCate.TestCases.CCP@544fa968] output={null}]]]>
              </value>
            </param>
          </params>
          <reporter-output>
          </reporter-output>
        </test-method> <!-- tearDown -->
        <test-method signature="TC_CCP_25()[pri:26, instance:com.ComCate.TestCases.CCP@544fa968]" started-at="2022-04-06T11:56:18 IST" name="TC_CCP_25" finished-at="2022-04-06T11:56:18 IST" duration-ms="213" status="PASS">
          <reporter-output>
          </reporter-output>
        </test-method> <!-- TC_CCP_25 -->
        <test-method is-config="true" signature="tearDown(org.testng.ITestResult)[pri:0, instance:com.ComCate.TestCases.CCP@544fa968]" started-at="2022-04-06T11:56:18 IST" name="tearDown" finished-at="2022-04-06T11:56:18 IST" duration-ms="0" status="PASS">
          <params>
            <param index="0">
              <value>
                <![CDATA[[TestResult name=TC_CCP_25 status=SUCCESS method=CCP.TC_CCP_25()[pri:26, instance:com.ComCate.TestCases.CCP@544fa968] output={null}]]]>
              </value>
            </param>
          </params>
          <reporter-output>
          </reporter-output>
        </test-method> <!-- tearDown -->
        <test-method signature="TC_CCP_26()[pri:27, instance:com.ComCate.TestCases.CCP@544fa968]" started-at="2022-04-06T11:56:18 IST" name="TC_CCP_26" finished-at="2022-04-06T11:56:20 IST" duration-ms="2054" status="PASS">
          <reporter-output>
          </reporter-output>
        </test-method> <!-- TC_CCP_26 -->
        <test-method is-config="true" signature="tearDown(org.testng.ITestResult)[pri:0, instance:com.ComCate.TestCases.CCP@544fa968]" started-at="2022-04-06T11:56:20 IST" name="tearDown" finished-at="2022-04-06T11:56:20 IST" duration-ms="0" status="PASS">
          <params>
            <param index="0">
              <value>
                <![CDATA[[TestResult name=TC_CCP_26 status=SUCCESS method=CCP.TC_CCP_26()[pri:27, instance:com.ComCate.TestCases.CCP@544fa968] output={null}]]]>
              </value>
            </param>
          </params>
          <reporter-output>
          </reporter-output>
        </test-method> <!-- tearDown -->
        <test-method signature="TC_CCP_27()[pri:28, instance:com.ComCate.TestCases.CCP@544fa968]" started-at="2022-04-06T11:56:20 IST" name="TC_CCP_27" finished-at="2022-04-06T11:56:20 IST" duration-ms="27" status="PASS">
          <reporter-output>
          </reporter-output>
        </test-method> <!-- TC_CCP_27 -->
        <test-method is-config="true" signature="tearDown(org.testng.ITestResult)[pri:0, instance:com.ComCate.TestCases.CCP@544fa968]" started-at="2022-04-06T11:56:20 IST" name="tearDown" finished-at="2022-04-06T11:56:20 IST" duration-ms="0" status="PASS">
          <params>
            <param index="0">
              <value>
                <![CDATA[[TestResult name=TC_CCP_27 status=SUCCESS method=CCP.TC_CCP_27()[pri:28, instance:com.ComCate.TestCases.CCP@544fa968] output={null}]]]>
              </value>
            </param>
          </params>
          <reporter-output>
          </reporter-output>
        </test-method> <!-- tearDown -->
        <test-method signature="TC_CCP_28()[pri:29, instance:com.ComCate.TestCases.CCP@544fa968]" started-at="2022-04-06T11:56:20 IST" name="TC_CCP_28" finished-at="2022-04-06T11:56:20 IST" duration-ms="153" status="PASS">
          <reporter-output>
          </reporter-output>
        </test-method> <!-- TC_CCP_28 -->
        <test-method signature="TC_CCP_29()[pri:30, instance:com.ComCate.TestCases.CCP@544fa968]" started-at="2022-04-06T11:56:20 IST" name="TC_CCP_29" finished-at="2022-04-06T11:56:25 IST" duration-ms="5176" status="PASS">
          <reporter-output>
          </reporter-output>
        </test-method> <!-- TC_CCP_29 -->
        <test-method is-config="true" signature="tearDown(org.testng.ITestResult)[pri:0, instance:com.ComCate.TestCases.CCP@544fa968]" started-at="2022-04-06T11:56:20 IST" name="tearDown" finished-at="2022-04-06T11:56:20 IST" duration-ms="0" status="PASS">
          <params>
            <param index="0">
              <value>
                <![CDATA[[TestResult name=TC_CCP_28 status=SUCCESS method=CCP.TC_CCP_28()[pri:29, instance:com.ComCate.TestCases.CCP@544fa968] output={null}]]]>
              </value>
            </param>
          </params>
          <reporter-output>
          </reporter-output>
        </test-method> <!-- tearDown -->
        <test-method is-config="true" signature="tearDown(org.testng.ITestResult)[pri:0, instance:com.ComCate.TestCases.CCP@544fa968]" started-at="2022-04-06T11:56:25 IST" name="tearDown" finished-at="2022-04-06T11:56:25 IST" duration-ms="0" status="PASS">
          <params>
            <param index="0">
              <value>
                <![CDATA[[TestResult name=TC_CCP_29 status=SUCCESS method=CCP.TC_CCP_29()[pri:30, instance:com.ComCate.TestCases.CCP@544fa968] output={null}]]]>
              </value>
            </param>
          </params>
          <reporter-output>
          </reporter-output>
        </test-method> <!-- tearDown -->
        <test-method signature="TC_CCP_30()[pri:31, instance:com.ComCate.TestCases.CCP@544fa968]" started-at="2022-04-06T11:56:25 IST" name="TC_CCP_30" finished-at="2022-04-06T11:56:29 IST" duration-ms="3417" status="PASS">
          <reporter-output>
          </reporter-output>
        </test-method> <!-- TC_CCP_30 -->
        <test-method signature="TC_CCP_31()[pri:32, instance:com.ComCate.TestCases.CCP@544fa968]" started-at="2022-04-06T11:56:29 IST" name="TC_CCP_31" finished-at="2022-04-06T11:56:54 IST" duration-ms="25353" status="FAIL">
          <exception class="org.openqa.selenium.TimeoutException">
            <message>
              <![CDATA[Expected condition failed: waiting for visibility of element located by By.xpath: //label[@class='file-upload__label']/input (tried for 20 second(s) with 500 MILLISECONDS interval)
Build info: version: '3.5.3', revision: 'a88d25fe6b', time: '2017-08-29T12:42:44.417Z'
System info: host: 'sqe-IdeaPad-5-15ITL05', ip: '127.0.1.1', os.name: 'Linux', os.arch: 'amd64', os.version: '5.13.0-37-generic', java.version: '11.0.14'
Driver info: org.openqa.selenium.chrome.ChromeDriver
Capabilities [{networkConnectionEnabled=false, chrome={chromedriverVersion=99.0.4844.51 (d537ec02474b5afe23684e7963d538896c63ac77-refs/branch-heads/4844@{#875}), userDataDir=/tmp/.com.google.Chrome.dfDTcS}, timeouts={implicit=0, pageLoad=300000, script=30000}, pageLoadStrategy=normal, unhandledPromptBehavior=dismiss and notify, strictFileInteractability=false, platform=LINUX, proxy=Proxy(), goog:chromeOptions={debuggerAddress=localhost:36103}, webauthn:extension:credBlob=true, acceptInsecureCerts=false, browserVersion=99.0.4844.84, browserName=chrome, javascriptEnabled=true, platformName=LINUX, setWindowRect=true, webauthn:extension:largeBlob=true, webauthn:virtualAuthenticators=true}]
Session ID: bf336c881676eba0d019e1886ecbcac6]]>
            </message>
            <full-stacktrace>
              <![CDATA[org.openqa.selenium.TimeoutException: Expected condition failed: waiting for visibility of element located by By.xpath: //label[@class='file-upload__label']/input (tried for 20 second(s) with 500 MILLISECONDS interval)
Build info: version: '3.5.3', revision: 'a88d25fe6b', time: '2017-08-29T12:42:44.417Z'
System info: host: 'sqe-IdeaPad-5-15ITL05', ip: '127.0.1.1', os.name: 'Linux', os.arch: 'amd64', os.version: '5.13.0-37-generic', java.version: '11.0.14'
Driver info: org.openqa.selenium.chrome.ChromeDriver
Capabilities [{networkConnectionEnabled=false, chrome={chromedriverVersion=99.0.4844.51 (d537ec02474b5afe23684e7963d538896c63ac77-refs/branch-heads/4844@{#875}), userDataDir=/tmp/.com.google.Chrome.dfDTcS}, timeouts={implicit=0, pageLoad=300000, script=30000}, pageLoadStrategy=normal, unhandledPromptBehavior=dismiss and notify, strictFileInteractability=false, platform=LINUX, proxy=Proxy(), goog:chromeOptions={debuggerAddress=localhost:36103}, webauthn:extension:credBlob=true, acceptInsecureCerts=false, browserVersion=99.0.4844.84, browserName=chrome, javascriptEnabled=true, platformName=LINUX, setWindowRect=true, webauthn:extension:largeBlob=true, webauthn:virtualAuthenticators=true}]
Session ID: bf336c881676eba0d019e1886ecbcac6
at org.openqa.selenium.support.ui.WebDriverWait.timeoutException(WebDriverWait.java:80)
at org.openqa.selenium.support.ui.FluentWait.until(FluentWait.java:232)
at com.ComCate.CommonMethods.WebDriverWaits.GetText(WebDriverWaits.java:49)
at com.ComCate.TestCases.CCP.TC_CCP_31(CCP.java:749)
at java.base/jdk.internal.reflect.NativeMethodAccessorImpl.invoke0(Native Method)
at java.base/jdk.internal.reflect.NativeMethodAccessorImpl.invoke(NativeMethodAccessorImpl.java:62)
at java.base/jdk.internal.reflect.DelegatingMethodAccessorImpl.invoke(DelegatingMethodAccessorImpl.java:43)
at java.base/java.lang.reflect.Method.invoke(Method.java:566)
at org.testng.internal.MethodInvocationHelper.invokeMethod(MethodInvocationHelper.java:133)
at org.testng.internal.TestInvoker.invokeMethod(TestInvoker.java:598)
at org.testng.internal.TestInvoker.invokeTestMethod(TestInvoker.java:173)
at org.testng.internal.MethodRunner.runInSequence(MethodRunner.java:46)
at org.testng.internal.TestInvoker$MethodInvocationAgent.invoke(TestInvoker.java:824)
at org.testng.internal.TestInvoker.invokeTestMethods(TestInvoker.java:146)
at org.testng.internal.TestMethodWorker.invokeTestMethods(TestMethodWorker.java:146)
at org.testng.internal.TestMethodWorker.run(TestMethodWorker.java:128)
at java.base/java.util.ArrayList.forEach(ArrayList.java:1541)
at org.testng.TestRunner.privateRun(TestRunner.java:794)
at org.testng.TestRunner.run(TestRunner.java:596)
at org.testng.SuiteRunner.runTest(SuiteRunner.java:377)
at org.testng.SuiteRunner.runSequentially(SuiteRunner.java:371)
at org.testng.SuiteRunner.privateRun(SuiteRunner.java:332)
at org.testng.SuiteRunner.run(SuiteRunner.java:276)
at org.testng.SuiteRunnerWorker.runSuite(SuiteRunnerWorker.java:53)
at org.testng.SuiteRunnerWorker.run(SuiteRunnerWorker.java:96)
at org.testng.TestNG.runSuitesSequentially(TestNG.java:1212)
at org.testng.TestNG.runSuitesLocally(TestNG.java:1134)
at org.testng.TestNG.runSuites(TestNG.java:1063)
at org.testng.TestNG.run(TestNG.java:1031)
at org.testng.remote.AbstractRemoteTestNG.run(AbstractRemoteTestNG.java:115)
at org.testng.remote.RemoteTestNG.initAndRun(RemoteTestNG.java:251)
at org.testng.remote.RemoteTestNG.main(RemoteTestNG.java:77)
]]>
            </full-stacktrace>
          </exception> <!-- org.openqa.selenium.TimeoutException -->
          <reporter-output>
          </reporter-output>
        </test-method> <!-- TC_CCP_31 -->
        <test-method is-config="true" signature="tearDown(org.testng.ITestResult)[pri:0, instance:com.ComCate.TestCases.CCP@544fa968]" started-at="2022-04-06T11:56:29 IST" name="tearDown" finished-at="2022-04-06T11:56:29 IST" duration-ms="0" status="PASS">
          <params>
            <param index="0">
              <value>
                <![CDATA[[TestResult name=TC_CCP_30 status=SUCCESS method=CCP.TC_CCP_30()[pri:31, instance:com.ComCate.TestCases.CCP@544fa968] output={null}]]]>
              </value>
            </param>
          </params>
          <reporter-output>
          </reporter-output>
        </test-method> <!-- tearDown -->
        <test-method is-config="true" signature="tearDown(org.testng.ITestResult)[pri:0, instance:com.ComCate.TestCases.CCP@544fa968]" started-at="2022-04-06T11:56:54 IST" name="tearDown" finished-at="2022-04-06T11:56:54 IST" duration-ms="130" status="PASS">
          <params>
            <param index="0">
              <value>
                <![CDATA[[TestResult name=TC_CCP_31 status=FAILURE method=CCP.TC_CCP_31()[pri:32, instance:com.ComCate.TestCases.CCP@544fa968] output={null}]]]>
              </value>
            </param>
          </params>
          <reporter-output>
          </reporter-output>
        </test-method> <!-- tearDown -->
        <test-method signature="TC_CCP_32()[pri:33, instance:com.ComCate.TestCases.CCP@544fa968]" started-at="2022-04-06T11:56:54 IST" name="TC_CCP_32" finished-at="2022-04-06T11:56:55 IST" duration-ms="1148" status="FAIL">
          <exception class="org.openqa.selenium.NoSuchElementException">
            <message>
              <![CDATA[no such element: Unable to locate element: {"method":"xpath","selector":"//div[@class='file-upload']//img"}
  (Session info: chrome=99.0.4844.84)
For documentation on this error, please visit: http://seleniumhq.org/exceptions/no_such_element.html
Build info: version: '3.5.3', revision: 'a88d25fe6b', time: '2017-08-29T12:42:44.417Z'
System info: host: 'sqe-IdeaPad-5-15ITL05', ip: '127.0.1.1', os.name: 'Linux', os.arch: 'amd64', os.version: '5.13.0-37-generic', java.version: '11.0.14'
Driver info: org.openqa.selenium.chrome.ChromeDriver
Capabilities [{networkConnectionEnabled=false, chrome={chromedriverVersion=99.0.4844.51 (d537ec02474b5afe23684e7963d538896c63ac77-refs/branch-heads/4844@{#875}), userDataDir=/tmp/.com.google.Chrome.dfDTcS}, timeouts={implicit=0, pageLoad=300000, script=30000}, pageLoadStrategy=normal, unhandledPromptBehavior=dismiss and notify, strictFileInteractability=false, platform=LINUX, proxy=Proxy(), goog:chromeOptions={debuggerAddress=localhost:36103}, webauthn:extension:credBlob=true, acceptInsecureCerts=false, browserVersion=99.0.4844.84, browserName=chrome, javascriptEnabled=true, platformName=LINUX, setWindowRect=true, webauthn:extension:largeBlob=true, webauthn:virtualAuthenticators=true}]
Session ID: bf336c881676eba0d019e1886ecbcac6
*** Element info: {Using=xpath, value=//div[@class='file-upload']//img}]]>
            </message>
            <full-stacktrace>
              <![CDATA[org.openqa.selenium.NoSuchElementException: no such element: Unable to locate element: {"method":"xpath","selector":"//div[@class='file-upload']//img"}
  (Session info: chrome=99.0.4844.84)
For documentation on this error, please visit: http://seleniumhq.org/exceptions/no_such_element.html
Build info: version: '3.5.3', revision: 'a88d25fe6b', time: '2017-08-29T12:42:44.417Z'
System info: host: 'sqe-IdeaPad-5-15ITL05', ip: '127.0.1.1', os.name: 'Linux', os.arch: 'amd64', os.version: '5.13.0-37-generic', java.version: '11.0.14'
Driver info: org.openqa.selenium.chrome.ChromeDriver
Capabilities [{networkConnectionEnabled=false, chrome={chromedriverVersion=99.0.4844.51 (d537ec02474b5afe23684e7963d538896c63ac77-refs/branch-heads/4844@{#875}), userDataDir=/tmp/.com.google.Chrome.dfDTcS}, timeouts={implicit=0, pageLoad=300000, script=30000}, pageLoadStrategy=normal, unhandledPromptBehavior=dismiss and notify, strictFileInteractability=false, platform=LINUX, proxy=Proxy(), goog:chromeOptions={debuggerAddress=localhost:36103}, webauthn:extension:credBlob=true, acceptInsecureCerts=false, browserVersion=99.0.4844.84, browserName=chrome, javascriptEnabled=true, platformName=LINUX, setWindowRect=true, webauthn:extension:largeBlob=true, webauthn:virtualAuthenticators=true}]
Session ID: bf336c881676eba0d019e1886ecbcac6
*** Element info: {Using=xpath, value=//div[@class='file-upload']//img}
at java.base/jdk.internal.reflect.NativeConstructorAccessorImpl.newInstance0(Native Method)
at java.base/jdk.internal.reflect.NativeConstructorAccessorImpl.newInstance(NativeConstructorAccessorImpl.java:62)
at java.base/jdk.internal.reflect.DelegatingConstructorAccessorImpl.newInstance(DelegatingConstructorAccessorImpl.java:45)
at java.base/java.lang.reflect.Constructor.newInstance(Constructor.java:490)
at org.openqa.selenium.remote.http.W3CHttpResponseCodec.createException(W3CHttpResponseCodec.java:185)
at org.openqa.selenium.remote.http.W3CHttpResponseCodec.decode(W3CHttpResponseCodec.java:120)
at org.openqa.selenium.remote.http.W3CHttpResponseCodec.decode(W3CHttpResponseCodec.java:49)
at org.openqa.selenium.remote.HttpCommandExecutor.execute(HttpCommandExecutor.java:164)
at org.openqa.selenium.remote.service.DriverCommandExecutor.execute(DriverCommandExecutor.java:82)
at org.openqa.selenium.remote.RemoteWebDriver.execute(RemoteWebDriver.java:646)
at org.openqa.selenium.remote.RemoteWebDriver.findElement(RemoteWebDriver.java:416)
at org.openqa.selenium.remote.RemoteWebDriver.findElementByXPath(RemoteWebDriver.java:518)
at org.openqa.selenium.By$ByXPath.findElement(By.java:361)
at org.openqa.selenium.remote.RemoteWebDriver.findElement(RemoteWebDriver.java:408)
at com.ComCate.TestCases.CCP.TC_CCP_32(CCP.java:773)
at java.base/jdk.internal.reflect.NativeMethodAccessorImpl.invoke0(Native Method)
at java.base/jdk.internal.reflect.NativeMethodAccessorImpl.invoke(NativeMethodAccessorImpl.java:62)
at java.base/jdk.internal.reflect.DelegatingMethodAccessorImpl.invoke(DelegatingMethodAccessorImpl.java:43)
at java.base/java.lang.reflect.Method.invoke(Method.java:566)
at org.testng.internal.MethodInvocationHelper.invokeMethod(MethodInvocationHelper.java:133)
at org.testng.internal.TestInvoker.invokeMethod(TestInvoker.java:598)
at org.testng.internal.TestInvoker.invokeTestMethod(TestInvoker.java:173)
at org.testng.internal.MethodRunner.runInSequence(MethodRunner.java:46)
at org.testng.internal.TestInvoker$MethodInvocationAgent.invoke(TestInvoker.java:824)
at org.testng.internal.TestInvoker.invokeTestMethods(TestInvoker.java:146)
at org.testng.internal.TestMethodWorker.invokeTestMethods(TestMethodWorker.java:146)
at org.testng.internal.TestMethodWorker.run(TestMethodWorker.java:128)
at java.base/java.util.ArrayList.forEach(ArrayList.java:1541)
at org.testng.TestRunner.privateRun(TestRunner.java:794)
at org.testng.TestRunner.run(TestRunner.java:596)
at org.testng.SuiteRunner.runTest(SuiteRunner.java:377)
at org.testng.SuiteRunner.runSequentially(SuiteRunner.java:371)
at org.testng.SuiteRunner.privateRun(SuiteRunner.java:332)
at org.testng.SuiteRunner.run(SuiteRunner.java:276)
at org.testng.SuiteRunnerWorker.runSuite(SuiteRunnerWorker.java:53)
at org.testng.SuiteRunnerWorker.run(SuiteRunnerWorker.java:96)
at org.testng.TestNG.runSuitesSequentially(TestNG.java:1212)
at org.testng.TestNG.runSuitesLocally(TestNG.java:1134)
at org.testng.TestNG.runSuites(TestNG.java:1063)
at org.testng.TestNG.run(TestNG.java:1031)
at org.testng.remote.AbstractRemoteTestNG.run(AbstractRemoteTestNG.java:115)
at org.testng.remote.RemoteTestNG.initAndRun(RemoteTestNG.java:251)
at org.testng.remote.RemoteTestNG.main(RemoteTestNG.java:77)
]]>
            </full-stacktrace>
          </exception> <!-- org.openqa.selenium.NoSuchElementException -->
          <reporter-output>
          </reporter-output>
        </test-method> <!-- TC_CCP_32 -->
        <test-method is-config="true" signature="tearDown(org.testng.ITestResult)[pri:0, instance:com.ComCate.TestCases.CCP@544fa968]" started-at="2022-04-06T11:56:55 IST" name="tearDown" finished-at="2022-04-06T11:56:55 IST" duration-ms="142" status="PASS">
          <params>
            <param index="0">
              <value>
                <![CDATA[[TestResult name=TC_CCP_32 status=FAILURE method=CCP.TC_CCP_32()[pri:33, instance:com.ComCate.TestCases.CCP@544fa968] output={null}]]]>
              </value>
            </param>
          </params>
          <reporter-output>
          </reporter-output>
        </test-method> <!-- tearDown -->
        <test-method signature="TC_CCP_34()[pri:35, instance:com.ComCate.TestCases.CCP@544fa968]" started-at="2022-04-06T11:56:55 IST" name="TC_CCP_34" finished-at="2022-04-06T11:56:58 IST" duration-ms="2059" status="PASS">
          <reporter-output>
          </reporter-output>
        </test-method> <!-- TC_CCP_34 -->
        <test-method is-config="true" signature="tearDown(org.testng.ITestResult)[pri:0, instance:com.ComCate.TestCases.CCP@544fa968]" started-at="2022-04-06T11:56:58 IST" name="tearDown" finished-at="2022-04-06T11:56:58 IST" duration-ms="1" status="PASS">
          <params>
            <param index="0">
              <value>
                <![CDATA[[TestResult name=TC_CCP_34 status=SUCCESS method=CCP.TC_CCP_34()[pri:35, instance:com.ComCate.TestCases.CCP@544fa968] output={null}]]]>
              </value>
            </param>
          </params>
          <reporter-output>
          </reporter-output>
        </test-method> <!-- tearDown -->
        <test-method signature="TC_CCP_35()[pri:36, instance:com.ComCate.TestCases.CCP@544fa968]" started-at="2022-04-06T11:56:58 IST" name="TC_CCP_35" finished-at="2022-04-06T11:57:00 IST" duration-ms="2132" status="FAIL">
          <exception class="org.openqa.selenium.WebDriverException">
            <message>
              <![CDATA[element click intercepted: Element <a>...</a> is not clickable at point (553, 528). Other element would receive the click: <div class="modal-base__body">...</div>
  (Session info: chrome=99.0.4844.84)
Build info: version: '3.5.3', revision: 'a88d25fe6b', time: '2017-08-29T12:42:44.417Z'
System info: host: 'sqe-IdeaPad-5-15ITL05', ip: '127.0.1.1', os.name: 'Linux', os.arch: 'amd64', os.version: '5.13.0-37-generic', java.version: '11.0.14'
Driver info: org.openqa.selenium.chrome.ChromeDriver
Capabilities [{networkConnectionEnabled=false, chrome={chromedriverVersion=99.0.4844.51 (d537ec02474b5afe23684e7963d538896c63ac77-refs/branch-heads/4844@{#875}), userDataDir=/tmp/.com.google.Chrome.dfDTcS}, timeouts={implicit=0, pageLoad=300000, script=30000}, pageLoadStrategy=normal, unhandledPromptBehavior=dismiss and notify, strictFileInteractability=false, platform=LINUX, proxy=Proxy(), goog:chromeOptions={debuggerAddress=localhost:36103}, webauthn:extension:credBlob=true, acceptInsecureCerts=false, browserVersion=99.0.4844.84, browserName=chrome, javascriptEnabled=true, platformName=LINUX, setWindowRect=true, webauthn:extension:largeBlob=true, webauthn:virtualAuthenticators=true}]
Session ID: bf336c881676eba0d019e1886ecbcac6]]>
            </message>
            <full-stacktrace>
              <![CDATA[org.openqa.selenium.WebDriverException: element click intercepted: Element <a>...</a> is not clickable at point (553, 528). Other element would receive the click: <div class="modal-base__body">...</div>
  (Session info: chrome=99.0.4844.84)
Build info: version: '3.5.3', revision: 'a88d25fe6b', time: '2017-08-29T12:42:44.417Z'
System info: host: 'sqe-IdeaPad-5-15ITL05', ip: '127.0.1.1', os.name: 'Linux', os.arch: 'amd64', os.version: '5.13.0-37-generic', java.version: '11.0.14'
Driver info: org.openqa.selenium.chrome.ChromeDriver
Capabilities [{networkConnectionEnabled=false, chrome={chromedriverVersion=99.0.4844.51 (d537ec02474b5afe23684e7963d538896c63ac77-refs/branch-heads/4844@{#875}), userDataDir=/tmp/.com.google.Chrome.dfDTcS}, timeouts={implicit=0, pageLoad=300000, script=30000}, pageLoadStrategy=normal, unhandledPromptBehavior=dismiss and notify, strictFileInteractability=false, platform=LINUX, proxy=Proxy(), goog:chromeOptions={debuggerAddress=localhost:36103}, webauthn:extension:credBlob=true, acceptInsecureCerts=false, browserVersion=99.0.4844.84, browserName=chrome, javascriptEnabled=true, platformName=LINUX, setWindowRect=true, webauthn:extension:largeBlob=true, webauthn:virtualAuthenticators=true}]
Session ID: bf336c881676eba0d019e1886ecbcac6
at java.base/jdk.internal.reflect.NativeConstructorAccessorImpl.newInstance0(Native Method)
at java.base/jdk.internal.reflect.NativeConstructorAccessorImpl.newInstance(NativeConstructorAccessorImpl.java:62)
at java.base/jdk.internal.reflect.DelegatingConstructorAccessorImpl.newInstance(DelegatingConstructorAccessorImpl.java:45)
at java.base/java.lang.reflect.Constructor.newInstance(Constructor.java:490)
at org.openqa.selenium.remote.http.W3CHttpResponseCodec.createException(W3CHttpResponseCodec.java:185)
at org.openqa.selenium.remote.http.W3CHttpResponseCodec.decode(W3CHttpResponseCodec.java:120)
at org.openqa.selenium.remote.http.W3CHttpResponseCodec.decode(W3CHttpResponseCodec.java:49)
at org.openqa.selenium.remote.HttpCommandExecutor.execute(HttpCommandExecutor.java:164)
at org.openqa.selenium.remote.service.DriverCommandExecutor.execute(DriverCommandExecutor.java:82)
at org.openqa.selenium.remote.RemoteWebDriver.execute(RemoteWebDriver.java:646)
at org.openqa.selenium.remote.RemoteWebElement.execute(RemoteWebElement.java:275)
at org.openqa.selenium.remote.RemoteWebElement.click(RemoteWebElement.java:82)
at com.ComCate.CommonMethods.WebDriverWaits.ClickOn(WebDriverWaits.java:37)
at com.ComCate.TestCases.CCP.TC_CCP_35(CCP.java:824)
at java.base/jdk.internal.reflect.NativeMethodAccessorImpl.invoke0(Native Method)
at java.base/jdk.internal.reflect.NativeMethodAccessorImpl.invoke(NativeMethodAccessorImpl.java:62)
at java.base/jdk.internal.reflect.DelegatingMethodAccessorImpl.invoke(DelegatingMethodAccessorImpl.java:43)
at java.base/java.lang.reflect.Method.invoke(Method.java:566)
at org.testng.internal.MethodInvocationHelper.invokeMethod(MethodInvocationHelper.java:133)
at org.testng.internal.TestInvoker.invokeMethod(TestInvoker.java:598)
at org.testng.internal.TestInvoker.invokeTestMethod(TestInvoker.java:173)
at org.testng.internal.MethodRunner.runInSequence(MethodRunner.java:46)
at org.testng.internal.TestInvoker$MethodInvocationAgent.invoke(TestInvoker.java:824)
at org.testng.internal.TestInvoker.invokeTestMethods(TestInvoker.java:146)
at org.testng.internal.TestMethodWorker.invokeTestMethods(TestMethodWorker.java:146)
at org.testng.internal.TestMethodWorker.run(TestMethodWorker.java:128)
at java.base/java.util.ArrayList.forEach(ArrayList.java:1541)
at org.testng.TestRunner.privateRun(TestRunner.java:794)
at org.testng.TestRunner.run(TestRunner.java:596)
at org.testng.SuiteRunner.runTest(SuiteRunner.java:377)
at org.testng.SuiteRunner.runSequentially(SuiteRunner.java:371)
at org.testng.SuiteRunner.privateRun(SuiteRunner.java:332)
at org.testng.SuiteRunner.run(SuiteRunner.java:276)
at org.testng.SuiteRunnerWorker.runSuite(SuiteRunnerWorker.java:53)
at org.testng.SuiteRunnerWorker.run(SuiteRunnerWorker.java:96)
at org.testng.TestNG.runSuitesSequentially(TestNG.java:1212)
at org.testng.TestNG.runSuitesLocally(TestNG.java:1134)
at org.testng.TestNG.runSuites(TestNG.java:1063)
at org.testng.TestNG.run(TestNG.java:1031)
at org.testng.remote.AbstractRemoteTestNG.run(AbstractRemoteTestNG.java:115)
at org.testng.remote.RemoteTestNG.initAndRun(RemoteTestNG.java:251)
at org.testng.remote.RemoteTestNG.main(RemoteTestNG.java:77)
]]>
            </full-stacktrace>
          </exception> <!-- org.openqa.selenium.WebDriverException -->
          <reporter-output>
          </reporter-output>
        </test-method> <!-- TC_CCP_35 -->
        <test-method is-config="true" signature="tearDown(org.testng.ITestResult)[pri:0, instance:com.ComCate.TestCases.CCP@544fa968]" started-at="2022-04-06T11:57:00 IST" name="tearDown" finished-at="2022-04-06T11:57:00 IST" duration-ms="143" status="PASS">
          <params>
            <param index="0">
              <value>
                <![CDATA[[TestResult name=TC_CCP_35 status=FAILURE method=CCP.TC_CCP_35()[pri:36, instance:com.ComCate.TestCases.CCP@544fa968] output={null}]]]>
              </value>
            </param>
          </params>
          <reporter-output>
          </reporter-output>
        </test-method> <!-- tearDown -->
        <test-method signature="TC_CCP_36()[pri:37, instance:com.ComCate.TestCases.CCP@544fa968]" started-at="2022-04-06T11:57:00 IST" name="TC_CCP_36" finished-at="2022-04-06T11:57:02 IST" duration-ms="2088" status="PASS">
          <reporter-output>
          </reporter-output>
        </test-method> <!-- TC_CCP_36 -->
        <test-method is-config="true" signature="tearDown(org.testng.ITestResult)[pri:0, instance:com.ComCate.TestCases.CCP@544fa968]" started-at="2022-04-06T11:57:02 IST" name="tearDown" finished-at="2022-04-06T11:57:02 IST" duration-ms="1" status="PASS">
          <params>
            <param index="0">
              <value>
                <![CDATA[[TestResult name=TC_CCP_36 status=SUCCESS method=CCP.TC_CCP_36()[pri:37, instance:com.ComCate.TestCases.CCP@544fa968] output={null}]]]>
              </value>
            </param>
          </params>
          <reporter-output>
          </reporter-output>
        </test-method> <!-- tearDown -->
        <test-method signature="TC_CCP_37()[pri:38, instance:com.ComCate.TestCases.CCP@544fa968]" started-at="2022-04-06T11:57:02 IST" name="TC_CCP_37" finished-at="2022-04-06T11:57:05 IST" duration-ms="2837" status="PASS">
          <reporter-output>
          </reporter-output>
        </test-method> <!-- TC_CCP_37 -->
        <test-method is-config="true" signature="tearDown(org.testng.ITestResult)[pri:0, instance:com.ComCate.TestCases.CCP@544fa968]" started-at="2022-04-06T11:57:05 IST" name="tearDown" finished-at="2022-04-06T11:57:05 IST" duration-ms="1" status="PASS">
          <params>
            <param index="0">
              <value>
                <![CDATA[[TestResult name=TC_CCP_37 status=SUCCESS method=CCP.TC_CCP_37()[pri:38, instance:com.ComCate.TestCases.CCP@544fa968] output={null}]]]>
              </value>
            </param>
          </params>
          <reporter-output>
          </reporter-output>
        </test-method> <!-- tearDown -->
        <test-method signature="TC_CCP_38()[pri:39, instance:com.ComCate.TestCases.CCP@544fa968]" started-at="2022-04-06T11:57:05 IST" name="TC_CCP_38" finished-at="2022-04-06T11:57:05 IST" duration-ms="140" status="PASS">
          <reporter-output>
          </reporter-output>
        </test-method> <!-- TC_CCP_38 -->
        <test-method signature="TC_CCP_39()[pri:40, instance:com.ComCate.TestCases.CCP@544fa968]" started-at="2022-04-06T11:57:05 IST" name="TC_CCP_39" finished-at="2022-04-06T11:57:07 IST" duration-ms="2131" status="PASS">
          <reporter-output>
          </reporter-output>
        </test-method> <!-- TC_CCP_39 -->
        <test-method is-config="true" signature="tearDown(org.testng.ITestResult)[pri:0, instance:com.ComCate.TestCases.CCP@544fa968]" started-at="2022-04-06T11:57:05 IST" name="tearDown" finished-at="2022-04-06T11:57:05 IST" duration-ms="0" status="PASS">
          <params>
            <param index="0">
              <value>
                <![CDATA[[TestResult name=TC_CCP_38 status=SUCCESS method=CCP.TC_CCP_38()[pri:39, instance:com.ComCate.TestCases.CCP@544fa968] output={null}]]]>
              </value>
            </param>
          </params>
          <reporter-output>
          </reporter-output>
        </test-method> <!-- tearDown -->
        <test-method is-config="true" signature="tearDown(org.testng.ITestResult)[pri:0, instance:com.ComCate.TestCases.CCP@544fa968]" started-at="2022-04-06T11:57:07 IST" name="tearDown" finished-at="2022-04-06T11:57:07 IST" duration-ms="1" status="PASS">
          <params>
            <param index="0">
              <value>
                <![CDATA[[TestResult name=TC_CCP_39 status=SUCCESS method=CCP.TC_CCP_39()[pri:40, instance:com.ComCate.TestCases.CCP@544fa968] output={null}]]]>
              </value>
            </param>
          </params>
          <reporter-output>
          </reporter-output>
        </test-method> <!-- tearDown -->
        <test-method signature="TC_CCP_40()[pri:41, instance:com.ComCate.TestCases.CCP@544fa968]" started-at="2022-04-06T11:57:07 IST" name="TC_CCP_40" finished-at="2022-04-06T11:57:17 IST" duration-ms="9571" status="PASS">
          <reporter-output>
          </reporter-output>
        </test-method> <!-- TC_CCP_40 -->
        <test-method is-config="true" signature="tearDown(org.testng.ITestResult)[pri:0, instance:com.ComCate.TestCases.CCP@544fa968]" started-at="2022-04-06T11:57:17 IST" name="tearDown" finished-at="2022-04-06T11:57:17 IST" duration-ms="1" status="PASS">
          <params>
            <param index="0">
              <value>
                <![CDATA[[TestResult name=TC_CCP_40 status=SUCCESS method=CCP.TC_CCP_40()[pri:41, instance:com.ComCate.TestCases.CCP@544fa968] output={null}]]]>
              </value>
            </param>
          </params>
          <reporter-output>
          </reporter-output>
        </test-method> <!-- tearDown -->
        <test-method signature="TC_CCP_42()[pri:43, instance:com.ComCate.TestCases.CCP@544fa968]" started-at="2022-04-06T11:57:17 IST" name="TC_CCP_42" finished-at="2022-04-06T11:57:18 IST" duration-ms="1690" status="PASS">
          <reporter-output>
          </reporter-output>
        </test-method> <!-- TC_CCP_42 -->
        <test-method is-config="true" signature="tearDown(org.testng.ITestResult)[pri:0, instance:com.ComCate.TestCases.CCP@544fa968]" started-at="2022-04-06T11:57:18 IST" name="tearDown" finished-at="2022-04-06T11:57:18 IST" duration-ms="1" status="PASS">
          <params>
            <param index="0">
              <value>
                <![CDATA[[TestResult name=TC_CCP_42 status=SUCCESS method=CCP.TC_CCP_42()[pri:43, instance:com.ComCate.TestCases.CCP@544fa968] output={null}]]]>
              </value>
            </param>
          </params>
          <reporter-output>
          </reporter-output>
        </test-method> <!-- tearDown -->
        <test-method signature="TC_CCP_43()[pri:44, instance:com.ComCate.TestCases.CCP@544fa968]" started-at="2022-04-06T11:57:18 IST" name="TC_CCP_43" finished-at="2022-04-06T11:57:18 IST" duration-ms="217" status="PASS">
          <reporter-output>
          </reporter-output>
        </test-method> <!-- TC_CCP_43 -->
        <test-method is-config="true" signature="tearDown(org.testng.ITestResult)[pri:0, instance:com.ComCate.TestCases.CCP@544fa968]" started-at="2022-04-06T11:57:18 IST" name="tearDown" finished-at="2022-04-06T11:57:18 IST" duration-ms="1" status="PASS">
          <params>
            <param index="0">
              <value>
                <![CDATA[[TestResult name=TC_CCP_43 status=SUCCESS method=CCP.TC_CCP_43()[pri:44, instance:com.ComCate.TestCases.CCP@544fa968] output={null}]]]>
              </value>
            </param>
          </params>
          <reporter-output>
          </reporter-output>
        </test-method> <!-- tearDown -->
        <test-method signature="TC_CCP_44()[pri:45, instance:com.ComCate.TestCases.CCP@544fa968]" started-at="2022-04-06T11:57:18 IST" name="TC_CCP_44" finished-at="2022-04-06T11:57:19 IST" duration-ms="40" status="PASS">
          <reporter-output>
          </reporter-output>
        </test-method> <!-- TC_CCP_44 -->
        <test-method signature="TC_CCP_46()[pri:47, instance:com.ComCate.TestCases.CCP@544fa968]" started-at="2022-04-06T11:57:19 IST" name="TC_CCP_46" finished-at="2022-04-06T11:57:19 IST" duration-ms="152" status="PASS">
          <reporter-output>
          </reporter-output>
        </test-method> <!-- TC_CCP_46 -->
        <test-method is-config="true" signature="tearDown(org.testng.ITestResult)[pri:0, instance:com.ComCate.TestCases.CCP@544fa968]" started-at="2022-04-06T11:57:19 IST" name="tearDown" finished-at="2022-04-06T11:57:19 IST" duration-ms="0" status="PASS">
          <params>
            <param index="0">
              <value>
                <![CDATA[[TestResult name=TC_CCP_44 status=SUCCESS method=CCP.TC_CCP_44()[pri:45, instance:com.ComCate.TestCases.CCP@544fa968] output={null}]]]>
              </value>
            </param>
          </params>
          <reporter-output>
          </reporter-output>
        </test-method> <!-- tearDown -->
        <test-method is-config="true" signature="tearDown(org.testng.ITestResult)[pri:0, instance:com.ComCate.TestCases.CCP@544fa968]" started-at="2022-04-06T11:57:19 IST" name="tearDown" finished-at="2022-04-06T11:57:19 IST" duration-ms="0" status="PASS">
          <params>
            <param index="0">
              <value>
                <![CDATA[[TestResult name=TC_CCP_46 status=SUCCESS method=CCP.TC_CCP_46()[pri:47, instance:com.ComCate.TestCases.CCP@544fa968] output={null}]]]>
              </value>
            </param>
          </params>
          <reporter-output>
          </reporter-output>
        </test-method> <!-- tearDown -->
        <test-method signature="TC_CCP_47()[pri:48, instance:com.ComCate.TestCases.CCP@544fa968]" started-at="2022-04-06T11:57:19 IST" name="TC_CCP_47" finished-at="2022-04-06T11:57:22 IST" duration-ms="3151" status="PASS">
          <reporter-output>
          </reporter-output>
        </test-method> <!-- TC_CCP_47 -->
        <test-method is-config="true" signature="tearDown(org.testng.ITestResult)[pri:0, instance:com.ComCate.TestCases.CCP@544fa968]" started-at="2022-04-06T11:57:22 IST" name="tearDown" finished-at="2022-04-06T11:57:22 IST" duration-ms="1" status="PASS">
          <params>
            <param index="0">
              <value>
                <![CDATA[[TestResult name=TC_CCP_47 status=SUCCESS method=CCP.TC_CCP_47()[pri:48, instance:com.ComCate.TestCases.CCP@544fa968] output={null}]]]>
              </value>
            </param>
          </params>
          <reporter-output>
          </reporter-output>
        </test-method> <!-- tearDown -->
        <test-method signature="TC_CCP_48()[pri:49, instance:com.ComCate.TestCases.CCP@544fa968]" started-at="2022-04-06T11:57:22 IST" name="TC_CCP_48" finished-at="2022-04-06T11:57:24 IST" duration-ms="2169" status="PASS">
          <reporter-output>
          </reporter-output>
        </test-method> <!-- TC_CCP_48 -->
        <test-method is-config="true" signature="tearDown(org.testng.ITestResult)[pri:0, instance:com.ComCate.TestCases.CCP@544fa968]" started-at="2022-04-06T11:57:24 IST" name="tearDown" finished-at="2022-04-06T11:57:24 IST" duration-ms="1" status="PASS">
          <params>
            <param index="0">
              <value>
                <![CDATA[[TestResult name=TC_CCP_48 status=SUCCESS method=CCP.TC_CCP_48()[pri:49, instance:com.ComCate.TestCases.CCP@544fa968] output={null}]]]>
              </value>
            </param>
          </params>
          <reporter-output>
          </reporter-output>
        </test-method> <!-- tearDown -->
        <test-method signature="TC_CCP_49()[pri:50, instance:com.ComCate.TestCases.CCP@544fa968]" started-at="2022-04-06T11:57:24 IST" name="TC_CCP_49" finished-at="2022-04-06T11:57:29 IST" duration-ms="5091" status="PASS">
          <reporter-output>
          </reporter-output>
        </test-method> <!-- TC_CCP_49 -->
        <test-method is-config="true" signature="tearDown(org.testng.ITestResult)[pri:0, instance:com.ComCate.TestCases.CCP@544fa968]" started-at="2022-04-06T11:57:29 IST" name="tearDown" finished-at="2022-04-06T11:57:29 IST" duration-ms="0" status="PASS">
          <params>
            <param index="0">
              <value>
                <![CDATA[[TestResult name=TC_CCP_49 status=SUCCESS method=CCP.TC_CCP_49()[pri:50, instance:com.ComCate.TestCases.CCP@544fa968] output={null}]]]>
              </value>
            </param>
          </params>
          <reporter-output>
          </reporter-output>
        </test-method> <!-- tearDown -->
        <test-method signature="TC_CCP_50()[pri:51, instance:com.ComCate.TestCases.CCP@544fa968]" started-at="2022-04-06T11:57:29 IST" name="TC_CCP_50" finished-at="2022-04-06T11:57:32 IST" duration-ms="3241" status="PASS">
          <reporter-output>
          </reporter-output>
        </test-method> <!-- TC_CCP_50 -->
        <test-method is-config="true" signature="tearDown(org.testng.ITestResult)[pri:0, instance:com.ComCate.TestCases.CCP@544fa968]" started-at="2022-04-06T11:57:32 IST" name="tearDown" finished-at="2022-04-06T11:57:32 IST" duration-ms="0" status="PASS">
          <params>
            <param index="0">
              <value>
                <![CDATA[[TestResult name=TC_CCP_50 status=SUCCESS method=CCP.TC_CCP_50()[pri:51, instance:com.ComCate.TestCases.CCP@544fa968] output={null}]]]>
              </value>
            </param>
          </params>
          <reporter-output>
          </reporter-output>
        </test-method> <!-- tearDown -->
        <test-method signature="TC_CCP_51()[pri:52, instance:com.ComCate.TestCases.CCP@544fa968]" started-at="2022-04-06T11:57:32 IST" name="TC_CCP_51" finished-at="2022-04-06T11:57:33 IST" duration-ms="643" status="PASS">
          <reporter-output>
          </reporter-output>
        </test-method> <!-- TC_CCP_51 -->
        <test-method is-config="true" signature="tearDown(org.testng.ITestResult)[pri:0, instance:com.ComCate.TestCases.CCP@544fa968]" started-at="2022-04-06T11:57:33 IST" name="tearDown" finished-at="2022-04-06T11:57:33 IST" duration-ms="0" status="PASS">
          <params>
            <param index="0">
              <value>
                <![CDATA[[TestResult name=TC_CCP_51 status=SUCCESS method=CCP.TC_CCP_51()[pri:52, instance:com.ComCate.TestCases.CCP@544fa968] output={null}]]]>
              </value>
            </param>
          </params>
          <reporter-output>
          </reporter-output>
        </test-method> <!-- tearDown -->
        <test-method signature="TC_CCP_52()[pri:53, instance:com.ComCate.TestCases.CCP@544fa968]" started-at="2022-04-06T11:57:33 IST" name="TC_CCP_52" finished-at="2022-04-06T11:57:40 IST" duration-ms="6771" status="PASS">
          <reporter-output>
          </reporter-output>
        </test-method> <!-- TC_CCP_52 -->
        <test-method is-config="true" signature="tearDown(org.testng.ITestResult)[pri:0, instance:com.ComCate.TestCases.CCP@544fa968]" started-at="2022-04-06T11:57:40 IST" name="tearDown" finished-at="2022-04-06T11:57:40 IST" duration-ms="0" status="PASS">
          <params>
            <param index="0">
              <value>
                <![CDATA[[TestResult name=TC_CCP_52 status=SUCCESS method=CCP.TC_CCP_52()[pri:53, instance:com.ComCate.TestCases.CCP@544fa968] output={null}]]]>
              </value>
            </param>
          </params>
          <reporter-output>
          </reporter-output>
        </test-method> <!-- tearDown -->
        <test-method signature="TC_CCP_53()[pri:54, instance:com.ComCate.TestCases.CCP@544fa968]" started-at="2022-04-06T11:57:40 IST" name="TC_CCP_53" finished-at="2022-04-06T11:57:42 IST" duration-ms="1798" status="PASS">
          <reporter-output>
          </reporter-output>
        </test-method> <!-- TC_CCP_53 -->
        <test-method signature="TC_CCP_54()[pri:55, instance:com.ComCate.TestCases.CCP@544fa968]" started-at="2022-04-06T11:57:42 IST" name="TC_CCP_54" finished-at="2022-04-06T11:57:42 IST" duration-ms="354" status="PASS">
          <reporter-output>
          </reporter-output>
        </test-method> <!-- TC_CCP_54 -->
        <test-method is-config="true" signature="tearDown(org.testng.ITestResult)[pri:0, instance:com.ComCate.TestCases.CCP@544fa968]" started-at="2022-04-06T11:57:42 IST" name="tearDown" finished-at="2022-04-06T11:57:42 IST" duration-ms="0" status="PASS">
          <params>
            <param index="0">
              <value>
                <![CDATA[[TestResult name=TC_CCP_53 status=SUCCESS method=CCP.TC_CCP_53()[pri:54, instance:com.ComCate.TestCases.CCP@544fa968] output={null}]]]>
              </value>
            </param>
          </params>
          <reporter-output>
          </reporter-output>
        </test-method> <!-- tearDown -->
        <test-method is-config="true" signature="tearDown(org.testng.ITestResult)[pri:0, instance:com.ComCate.TestCases.CCP@544fa968]" started-at="2022-04-06T11:57:42 IST" name="tearDown" finished-at="2022-04-06T11:57:42 IST" duration-ms="1" status="PASS">
          <params>
            <param index="0">
              <value>
                <![CDATA[[TestResult name=TC_CCP_54 status=SUCCESS method=CCP.TC_CCP_54()[pri:55, instance:com.ComCate.TestCases.CCP@544fa968] output={null}]]]>
              </value>
            </param>
          </params>
          <reporter-output>
          </reporter-output>
        </test-method> <!-- tearDown -->
        <test-method signature="TC_CCP_55()[pri:56, instance:com.ComCate.TestCases.CCP@544fa968]" started-at="2022-04-06T11:57:42 IST" name="TC_CCP_55" finished-at="2022-04-06T11:57:45 IST" duration-ms="3604" status="PASS">
          <reporter-output>
          </reporter-output>
        </test-method> <!-- TC_CCP_55 -->
        <test-method is-config="true" signature="tearDown(org.testng.ITestResult)[pri:0, instance:com.ComCate.TestCases.CCP@544fa968]" started-at="2022-04-06T11:57:45 IST" name="tearDown" finished-at="2022-04-06T11:57:46 IST" duration-ms="1" status="PASS">
          <params>
            <param index="0">
              <value>
                <![CDATA[[TestResult name=TC_CCP_55 status=SUCCESS method=CCP.TC_CCP_55()[pri:56, instance:com.ComCate.TestCases.CCP@544fa968] output={null}]]]>
              </value>
            </param>
          </params>
          <reporter-output>
          </reporter-output>
        </test-method> <!-- tearDown -->
        <test-method signature="TC_CCP_56()[pri:57, instance:com.ComCate.TestCases.CCP@544fa968]" started-at="2022-04-06T11:57:46 IST" name="TC_CCP_56" finished-at="2022-04-06T11:57:48 IST" duration-ms="2067" status="PASS">
          <reporter-output>
          </reporter-output>
        </test-method> <!-- TC_CCP_56 -->
        <test-method is-config="true" signature="tearDown(org.testng.ITestResult)[pri:0, instance:com.ComCate.TestCases.CCP@544fa968]" started-at="2022-04-06T11:57:48 IST" name="tearDown" finished-at="2022-04-06T11:57:48 IST" duration-ms="0" status="PASS">
          <params>
            <param index="0">
              <value>
                <![CDATA[[TestResult name=TC_CCP_56 status=SUCCESS method=CCP.TC_CCP_56()[pri:57, instance:com.ComCate.TestCases.CCP@544fa968] output={null}]]]>
              </value>
            </param>
          </params>
          <reporter-output>
          </reporter-output>
        </test-method> <!-- tearDown -->
      </class> <!-- com.ComCate.TestCases.CCP -->
      <class name="com.ComCate.TestCases.Login">
        <test-method is-config="true" signature="setExtent()[pri:0, instance:com.ComCate.TestCases.Login@61322f9d]" started-at="2022-04-06T11:55:00 IST" name="setExtent" finished-at="2022-04-06T11:55:00 IST" duration-ms="80" status="PASS">
          <reporter-output>
          </reporter-output>
        </test-method> <!-- setExtent -->
        <test-method is-config="true" signature="validateSetUp()[pri:0, instance:com.ComCate.TestCases.Login@61322f9d]" started-at="2022-04-06T11:55:00 IST" name="validateSetUp" finished-at="2022-04-06T11:55:09 IST" depends-on-methods="com.ComCate.ExtentReport.ExtentReportClass.setExtent" duration-ms="8362" status="PASS">
          <reporter-output>
          </reporter-output>
        </test-method> <!-- validateSetUp -->
        <test-method signature="LoginAgency()[pri:0, instance:com.ComCate.TestCases.Login@61322f9d]" started-at="2022-04-06T11:55:09 IST" name="LoginAgency" finished-at="2022-04-06T11:55:19 IST" duration-ms="10407" status="PASS">
          <reporter-output>
          </reporter-output>
        </test-method> <!-- LoginAgency -->
        <test-method is-config="true" signature="tearDown(org.testng.ITestResult)[pri:0, instance:com.ComCate.TestCases.Login@61322f9d]" started-at="2022-04-06T11:55:19 IST" name="tearDown" finished-at="2022-04-06T11:55:19 IST" duration-ms="2" status="PASS">
          <params>
            <param index="0">
              <value>
                <![CDATA[[TestResult name=LoginAgency status=SUCCESS method=Login.LoginAgency()[pri:0, instance:com.ComCate.TestCases.Login@61322f9d] output={null}]]]>
              </value>
            </param>
          </params>
          <reporter-output>
          </reporter-output>
        </test-method> <!-- tearDown -->
        <test-method is-config="true" signature="endReport()[pri:0, instance:com.ComCate.TestCases.Login@61322f9d]" started-at="2022-04-06T11:57:48 IST" name="endReport" finished-at="2022-04-06T11:57:48 IST" duration-ms="129" status="PASS">
          <reporter-output>
          </reporter-output>
        </test-method> <!-- endReport -->
      </class> <!-- com.ComCate.TestCases.Login -->
    </test> <!-- Test -->
  </suite> <!-- Suite -->
</testng-results>
